❌ Failed to load route: ./routes/attendance
/home/ubuntu/backend/routes/attendance.js:274



SyntaxError: Unexpected end of input
    at internalCompileFunction (node:internal/vm:76:18)
    at wrapSafe (node:internal/modules/cjs/loader:1283:20)
    at Module._compile (node:internal/modules/cjs/loader:1328:27)
    at Module._extensions..js (node:internal/modules/cjs/loader:1422:10)
    at Module.load (node:internal/modules/cjs/loader:1203:32)
    at Module._load (node:internal/modules/cjs/loader:1019:12)
    at Module.require (node:internal/modules/cjs/loader:1231:19)
    at Hook._require.Module.require (/usr/lib/node_modules/pm2/node_modules/require-in-the-middle/index.js:101:39)
    at require (node:internal/modules/helpers:177:18)
    at loadRoute (/home/ubuntu/backend/server.js:76:19)
❌ Failed to load route: ./routes/attendance
/home/ubuntu/backend/routes/attendance.js:274



SyntaxError: Unexpected end of input
    at internalCompileFunction (node:internal/vm:76:18)
    at wrapSafe (node:internal/modules/cjs/loader:1283:20)
    at Module._compile (node:internal/modules/cjs/loader:1328:27)
    at Module._extensions..js (node:internal/modules/cjs/loader:1422:10)
    at Module.load (node:internal/modules/cjs/loader:1203:32)
    at Module._load (node:internal/modules/cjs/loader:1019:12)
    at Module.require (node:internal/modules/cjs/loader:1231:19)
    at Hook._require.Module.require (/usr/lib/node_modules/pm2/node_modules/require-in-the-middle/index.js:101:39)
    at require (node:internal/modules/helpers:177:18)
    at loadRoute (/home/ubuntu/backend/server.js:76:19)
❌ Failed to load route: ./routes/attendance
/home/ubuntu/backend/routes/attendance.js:274



SyntaxError: Unexpected end of input
    at internalCompileFunction (node:internal/vm:76:18)
    at wrapSafe (node:internal/modules/cjs/loader:1283:20)
    at Module._compile (node:internal/modules/cjs/loader:1328:27)
    at Module._extensions..js (node:internal/modules/cjs/loader:1422:10)
    at Module.load (node:internal/modules/cjs/loader:1203:32)
    at Module._load (node:internal/modules/cjs/loader:1019:12)
    at Module.require (node:internal/modules/cjs/loader:1231:19)
    at Hook._require.Module.require (/usr/lib/node_modules/pm2/node_modules/require-in-the-middle/index.js:101:39)
    at require (node:internal/modules/helpers:177:18)
    at loadRoute (/home/ubuntu/backend/server.js:76:19)
❌ Failed to load route: ./routes/attendance
/home/ubuntu/backend/routes/attendance.js:274



SyntaxError: Unexpected end of input
    at internalCompileFunction (node:internal/vm:76:18)
    at wrapSafe (node:internal/modules/cjs/loader:1283:20)
    at Module._compile (node:internal/modules/cjs/loader:1328:27)
    at Module._extensions..js (node:internal/modules/cjs/loader:1422:10)
    at Module.load (node:internal/modules/cjs/loader:1203:32)
    at Module._load (node:internal/modules/cjs/loader:1019:12)
    at Module.require (node:internal/modules/cjs/loader:1231:19)
    at Hook._require.Module.require (/usr/lib/node_modules/pm2/node_modules/require-in-the-middle/index.js:101:39)
    at require (node:internal/modules/helpers:177:18)
    at loadRoute (/home/ubuntu/backend/server.js:76:19)
❌ Failed to load route: ./routes/attendance
/home/ubuntu/backend/routes/attendance.js:274



SyntaxError: Unexpected end of input
    at internalCompileFunction (node:internal/vm:76:18)
    at wrapSafe (node:internal/modules/cjs/loader:1283:20)
    at Module._compile (node:internal/modules/cjs/loader:1328:27)
    at Module._extensions..js (node:internal/modules/cjs/loader:1422:10)
    at Module.load (node:internal/modules/cjs/loader:1203:32)
    at Module._load (node:internal/modules/cjs/loader:1019:12)
    at Module.require (node:internal/modules/cjs/loader:1231:19)
    at Hook._require.Module.require (/usr/lib/node_modules/pm2/node_modules/require-in-the-middle/index.js:101:39)
    at require (node:internal/modules/helpers:177:18)
    at loadRoute (/home/ubuntu/backend/server.js:76:19)
❌ Failed to load route: ./routes/attendance
/home/ubuntu/backend/routes/attendance.js:274



SyntaxError: Unexpected end of input
    at internalCompileFunction (node:internal/vm:76:18)
    at wrapSafe (node:internal/modules/cjs/loader:1283:20)
    at Module._compile (node:internal/modules/cjs/loader:1328:27)
    at Module._extensions..js (node:internal/modules/cjs/loader:1422:10)
    at Module.load (node:internal/modules/cjs/loader:1203:32)
    at Module._load (node:internal/modules/cjs/loader:1019:12)
    at Module.require (node:internal/modules/cjs/loader:1231:19)
    at Hook._require.Module.require (/usr/lib/node_modules/pm2/node_modules/require-in-the-middle/index.js:101:39)
    at require (node:internal/modules/helpers:177:18)
    at loadRoute (/home/ubuntu/backend/server.js:76:19)
❌ Failed to load route: ./routes/attendance
/home/ubuntu/backend/routes/attendance.js:274



SyntaxError: Unexpected end of input
    at internalCompileFunction (node:internal/vm:76:18)
    at wrapSafe (node:internal/modules/cjs/loader:1283:20)
    at Module._compile (node:internal/modules/cjs/loader:1328:27)
    at Module._extensions..js (node:internal/modules/cjs/loader:1422:10)
    at Module.load (node:internal/modules/cjs/loader:1203:32)
    at Module._load (node:internal/modules/cjs/loader:1019:12)
    at Module.require (node:internal/modules/cjs/loader:1231:19)
    at Hook._require.Module.require (/usr/lib/node_modules/pm2/node_modules/require-in-the-middle/index.js:101:39)
    at require (node:internal/modules/helpers:177:18)
    at loadRoute (/home/ubuntu/backend/server.js:76:19)
❌ Failed to load route: ./routes/attendance
/home/ubuntu/backend/routes/attendance.js:274



SyntaxError: Unexpected end of input
    at internalCompileFunction (node:internal/vm:76:18)
    at wrapSafe (node:internal/modules/cjs/loader:1283:20)
    at Module._compile (node:internal/modules/cjs/loader:1328:27)
    at Module._extensions..js (node:internal/modules/cjs/loader:1422:10)
    at Module.load (node:internal/modules/cjs/loader:1203:32)
    at Module._load (node:internal/modules/cjs/loader:1019:12)
    at Module.require (node:internal/modules/cjs/loader:1231:19)
    at Hook._require.Module.require (/usr/lib/node_modules/pm2/node_modules/require-in-the-middle/index.js:101:39)
    at require (node:internal/modules/helpers:177:18)
    at loadRoute (/home/ubuntu/backend/server.js:76:19)
❌ Failed to load route: ./routes/attendance
/home/ubuntu/backend/routes/attendance.js:274



SyntaxError: Unexpected end of input
    at internalCompileFunction (node:internal/vm:76:18)
    at wrapSafe (node:internal/modules/cjs/loader:1283:20)
    at Module._compile (node:internal/modules/cjs/loader:1328:27)
    at Module._extensions..js (node:internal/modules/cjs/loader:1422:10)
    at Module.load (node:internal/modules/cjs/loader:1203:32)
    at Module._load (node:internal/modules/cjs/loader:1019:12)
    at Module.require (node:internal/modules/cjs/loader:1231:19)
    at Hook._require.Module.require (/usr/lib/node_modules/pm2/node_modules/require-in-the-middle/index.js:101:39)
    at require (node:internal/modules/helpers:177:18)
    at loadRoute (/home/ubuntu/backend/server.js:76:19)
❌ Failed to load route: ./routes/attendance
/home/ubuntu/backend/routes/attendance.js:274



SyntaxError: Unexpected end of input
    at internalCompileFunction (node:internal/vm:76:18)
    at wrapSafe (node:internal/modules/cjs/loader:1283:20)
    at Module._compile (node:internal/modules/cjs/loader:1328:27)
    at Module._extensions..js (node:internal/modules/cjs/loader:1422:10)
    at Module.load (node:internal/modules/cjs/loader:1203:32)
    at Module._load (node:internal/modules/cjs/loader:1019:12)
    at Module.require (node:internal/modules/cjs/loader:1231:19)
    at Hook._require.Module.require (/usr/lib/node_modules/pm2/node_modules/require-in-the-middle/index.js:101:39)
    at require (node:internal/modules/helpers:177:18)
    at loadRoute (/home/ubuntu/backend/server.js:76:19)
❌ Failed to load route: ./routes/attendance
/home/ubuntu/backend/routes/attendance.js:274



SyntaxError: Unexpected end of input
    at internalCompileFunction (node:internal/vm:76:18)
    at wrapSafe (node:internal/modules/cjs/loader:1283:20)
    at Module._compile (node:internal/modules/cjs/loader:1328:27)
    at Module._extensions..js (node:internal/modules/cjs/loader:1422:10)
    at Module.load (node:internal/modules/cjs/loader:1203:32)
    at Module._load (node:internal/modules/cjs/loader:1019:12)
    at Module.require (node:internal/modules/cjs/loader:1231:19)
    at Hook._require.Module.require (/usr/lib/node_modules/pm2/node_modules/require-in-the-middle/index.js:101:39)
    at require (node:internal/modules/helpers:177:18)
    at loadRoute (/home/ubuntu/backend/server.js:76:19)
❌ Failed to load route: ./routes/attendance
/home/ubuntu/backend/routes/attendance.js:274



SyntaxError: Unexpected end of input
    at internalCompileFunction (node:internal/vm:76:18)
    at wrapSafe (node:internal/modules/cjs/loader:1283:20)
    at Module._compile (node:internal/modules/cjs/loader:1328:27)
    at Module._extensions..js (node:internal/modules/cjs/loader:1422:10)
    at Module.load (node:internal/modules/cjs/loader:1203:32)
    at Module._load (node:internal/modules/cjs/loader:1019:12)
    at Module.require (node:internal/modules/cjs/loader:1231:19)
    at Hook._require.Module.require (/usr/lib/node_modules/pm2/node_modules/require-in-the-middle/index.js:101:39)
    at require (node:internal/modules/helpers:177:18)
    at loadRoute (/home/ubuntu/backend/server.js:76:19)
❌ Failed to load route: ./routes/attendance
/home/ubuntu/backend/routes/attendance.js:274



SyntaxError: Unexpected end of input
    at internalCompileFunction (node:internal/vm:76:18)
    at wrapSafe (node:internal/modules/cjs/loader:1283:20)
    at Module._compile (node:internal/modules/cjs/loader:1328:27)
    at Module._extensions..js (node:internal/modules/cjs/loader:1422:10)
    at Module.load (node:internal/modules/cjs/loader:1203:32)
    at Module._load (node:internal/modules/cjs/loader:1019:12)
    at Module.require (node:internal/modules/cjs/loader:1231:19)
    at Hook._require.Module.require (/usr/lib/node_modules/pm2/node_modules/require-in-the-middle/index.js:101:39)
    at require (node:internal/modules/helpers:177:18)
    at loadRoute (/home/ubuntu/backend/server.js:76:19)
❌ Failed to load route: ./routes/attendance
/home/ubuntu/backend/routes/attendance.js:274



SyntaxError: Unexpected end of input
    at internalCompileFunction (node:internal/vm:76:18)
    at wrapSafe (node:internal/modules/cjs/loader:1283:20)
    at Module._compile (node:internal/modules/cjs/loader:1328:27)
    at Module._extensions..js (node:internal/modules/cjs/loader:1422:10)
    at Module.load (node:internal/modules/cjs/loader:1203:32)
    at Module._load (node:internal/modules/cjs/loader:1019:12)
    at Module.require (node:internal/modules/cjs/loader:1231:19)
    at Hook._require.Module.require (/usr/lib/node_modules/pm2/node_modules/require-in-the-middle/index.js:101:39)
    at require (node:internal/modules/helpers:177:18)
    at loadRoute (/home/ubuntu/backend/server.js:76:19)
❌ Failed to load route: ./routes/attendance
/home/ubuntu/backend/routes/attendance.js:274



SyntaxError: Unexpected end of input
    at internalCompileFunction (node:internal/vm:76:18)
    at wrapSafe (node:internal/modules/cjs/loader:1283:20)
    at Module._compile (node:internal/modules/cjs/loader:1328:27)
    at Module._extensions..js (node:internal/modules/cjs/loader:1422:10)
    at Module.load (node:internal/modules/cjs/loader:1203:32)
    at Module._load (node:internal/modules/cjs/loader:1019:12)
    at Module.require (node:internal/modules/cjs/loader:1231:19)
    at Hook._require.Module.require (/usr/lib/node_modules/pm2/node_modules/require-in-the-middle/index.js:101:39)
    at require (node:internal/modules/helpers:177:18)
    at loadRoute (/home/ubuntu/backend/server.js:76:19)
❌ Failed to load route: ./routes/attendance
/home/ubuntu/backend/routes/attendance.js:274



SyntaxError: Unexpected end of input
    at internalCompileFunction (node:internal/vm:76:18)
    at wrapSafe (node:internal/modules/cjs/loader:1283:20)
    at Module._compile (node:internal/modules/cjs/loader:1328:27)
    at Module._extensions..js (node:internal/modules/cjs/loader:1422:10)
    at Module.load (node:internal/modules/cjs/loader:1203:32)
    at Module._load (node:internal/modules/cjs/loader:1019:12)
    at Module.require (node:internal/modules/cjs/loader:1231:19)
    at Hook._require.Module.require (/usr/lib/node_modules/pm2/node_modules/require-in-the-middle/index.js:101:39)
    at require (node:internal/modules/helpers:177:18)
    at loadRoute (/home/ubuntu/backend/server.js:76:19)
❌ Failed to load route: ./routes/attendance
/home/ubuntu/backend/routes/attendance.js:274



SyntaxError: Unexpected end of input
    at internalCompileFunction (node:internal/vm:76:18)
    at wrapSafe (node:internal/modules/cjs/loader:1283:20)
    at Module._compile (node:internal/modules/cjs/loader:1328:27)
    at Module._extensions..js (node:internal/modules/cjs/loader:1422:10)
    at Module.load (node:internal/modules/cjs/loader:1203:32)
    at Module._load (node:internal/modules/cjs/loader:1019:12)
    at Module.require (node:internal/modules/cjs/loader:1231:19)
    at Hook._require.Module.require (/usr/lib/node_modules/pm2/node_modules/require-in-the-middle/index.js:101:39)
    at require (node:internal/modules/helpers:177:18)
    at loadRoute (/home/ubuntu/backend/server.js:76:19)
❌ Failed to load route: ./routes/attendance
/home/ubuntu/backend/routes/attendance.js:274



SyntaxError: Unexpected end of input
    at internalCompileFunction (node:internal/vm:76:18)
    at wrapSafe (node:internal/modules/cjs/loader:1283:20)
    at Module._compile (node:internal/modules/cjs/loader:1328:27)
    at Module._extensions..js (node:internal/modules/cjs/loader:1422:10)
    at Module.load (node:internal/modules/cjs/loader:1203:32)
    at Module._load (node:internal/modules/cjs/loader:1019:12)
    at Module.require (node:internal/modules/cjs/loader:1231:19)
    at Hook._require.Module.require (/usr/lib/node_modules/pm2/node_modules/require-in-the-middle/index.js:101:39)
    at require (node:internal/modules/helpers:177:18)
    at loadRoute (/home/ubuntu/backend/server.js:76:19)
❌ Failed to load route: ./routes/attendance
/home/ubuntu/backend/routes/attendance.js:274



SyntaxError: Unexpected end of input
    at internalCompileFunction (node:internal/vm:76:18)
    at wrapSafe (node:internal/modules/cjs/loader:1283:20)
    at Module._compile (node:internal/modules/cjs/loader:1328:27)
    at Module._extensions..js (node:internal/modules/cjs/loader:1422:10)
    at Module.load (node:internal/modules/cjs/loader:1203:32)
    at Module._load (node:internal/modules/cjs/loader:1019:12)
    at Module.require (node:internal/modules/cjs/loader:1231:19)
    at Hook._require.Module.require (/usr/lib/node_modules/pm2/node_modules/require-in-the-middle/index.js:101:39)
    at require (node:internal/modules/helpers:177:18)
    at loadRoute (/home/ubuntu/backend/server.js:76:19)
❌ Failed to load route: ./routes/attendance
/home/ubuntu/backend/routes/attendance.js:274



SyntaxError: Unexpected end of input
    at internalCompileFunction (node:internal/vm:76:18)
    at wrapSafe (node:internal/modules/cjs/loader:1283:20)
    at Module._compile (node:internal/modules/cjs/loader:1328:27)
    at Module._extensions..js (node:internal/modules/cjs/loader:1422:10)
    at Module.load (node:internal/modules/cjs/loader:1203:32)
    at Module._load (node:internal/modules/cjs/loader:1019:12)
    at Module.require (node:internal/modules/cjs/loader:1231:19)
    at Hook._require.Module.require (/usr/lib/node_modules/pm2/node_modules/require-in-the-middle/index.js:101:39)
    at require (node:internal/modules/helpers:177:18)
    at loadRoute (/home/ubuntu/backend/server.js:76:19)
❌ Failed to load route: ./routes/attendance
/home/ubuntu/backend/routes/attendance.js:274



SyntaxError: Unexpected end of input
    at internalCompileFunction (node:internal/vm:76:18)
    at wrapSafe (node:internal/modules/cjs/loader:1283:20)
    at Module._compile (node:internal/modules/cjs/loader:1328:27)
    at Module._extensions..js (node:internal/modules/cjs/loader:1422:10)
    at Module.load (node:internal/modules/cjs/loader:1203:32)
    at Module._load (node:internal/modules/cjs/loader:1019:12)
    at Module.require (node:internal/modules/cjs/loader:1231:19)
    at Hook._require.Module.require (/usr/lib/node_modules/pm2/node_modules/require-in-the-middle/index.js:101:39)
    at require (node:internal/modules/helpers:177:18)
    at loadRoute (/home/ubuntu/backend/server.js:76:19)
❌ Failed to load route: ./routes/attendance
/home/ubuntu/backend/routes/attendance.js:274



SyntaxError: Unexpected end of input
    at internalCompileFunction (node:internal/vm:76:18)
    at wrapSafe (node:internal/modules/cjs/loader:1283:20)
    at Module._compile (node:internal/modules/cjs/loader:1328:27)
    at Module._extensions..js (node:internal/modules/cjs/loader:1422:10)
    at Module.load (node:internal/modules/cjs/loader:1203:32)
    at Module._load (node:internal/modules/cjs/loader:1019:12)
    at Module.require (node:internal/modules/cjs/loader:1231:19)
    at Hook._require.Module.require (/usr/lib/node_modules/pm2/node_modules/require-in-the-middle/index.js:101:39)
    at require (node:internal/modules/helpers:177:18)
    at loadRoute (/home/ubuntu/backend/server.js:76:19)
❌ Failed to load route: ./routes/attendance
/home/ubuntu/backend/routes/attendance.js:274



SyntaxError: Unexpected end of input
    at internalCompileFunction (node:internal/vm:76:18)
    at wrapSafe (node:internal/modules/cjs/loader:1283:20)
    at Module._compile (node:internal/modules/cjs/loader:1328:27)
    at Module._extensions..js (node:internal/modules/cjs/loader:1422:10)
    at Module.load (node:internal/modules/cjs/loader:1203:32)
    at Module._load (node:internal/modules/cjs/loader:1019:12)
    at Module.require (node:internal/modules/cjs/loader:1231:19)
    at Hook._require.Module.require (/usr/lib/node_modules/pm2/node_modules/require-in-the-middle/index.js:101:39)
    at require (node:internal/modules/helpers:177:18)
    at loadRoute (/home/ubuntu/backend/server.js:76:19)
❌ Failed to load route: ./routes/attendance
/home/ubuntu/backend/routes/attendance.js:274



SyntaxError: Unexpected end of input
    at internalCompileFunction (node:internal/vm:76:18)
    at wrapSafe (node:internal/modules/cjs/loader:1283:20)
    at Module._compile (node:internal/modules/cjs/loader:1328:27)
    at Module._extensions..js (node:internal/modules/cjs/loader:1422:10)
    at Module.load (node:internal/modules/cjs/loader:1203:32)
    at Module._load (node:internal/modules/cjs/loader:1019:12)
    at Module.require (node:internal/modules/cjs/loader:1231:19)
    at Hook._require.Module.require (/usr/lib/node_modules/pm2/node_modules/require-in-the-middle/index.js:101:39)
    at require (node:internal/modules/helpers:177:18)
    at loadRoute (/home/ubuntu/backend/server.js:76:19)
❌ Failed to load route: ./routes/attendance
/home/ubuntu/backend/routes/attendance.js:274



SyntaxError: Unexpected end of input
    at internalCompileFunction (node:internal/vm:76:18)
    at wrapSafe (node:internal/modules/cjs/loader:1283:20)
    at Module._compile (node:internal/modules/cjs/loader:1328:27)
    at Module._extensions..js (node:internal/modules/cjs/loader:1422:10)
    at Module.load (node:internal/modules/cjs/loader:1203:32)
    at Module._load (node:internal/modules/cjs/loader:1019:12)
    at Module.require (node:internal/modules/cjs/loader:1231:19)
    at Hook._require.Module.require (/usr/lib/node_modules/pm2/node_modules/require-in-the-middle/index.js:101:39)
    at require (node:internal/modules/helpers:177:18)
    at loadRoute (/home/ubuntu/backend/server.js:76:19)
❌ Failed to load route: ./routes/attendance
/home/ubuntu/backend/routes/attendance.js:274



SyntaxError: Unexpected end of input
    at internalCompileFunction (node:internal/vm:76:18)
    at wrapSafe (node:internal/modules/cjs/loader:1283:20)
    at Module._compile (node:internal/modules/cjs/loader:1328:27)
    at Module._extensions..js (node:internal/modules/cjs/loader:1422:10)
    at Module.load (node:internal/modules/cjs/loader:1203:32)
    at Module._load (node:internal/modules/cjs/loader:1019:12)
    at Module.require (node:internal/modules/cjs/loader:1231:19)
    at Hook._require.Module.require (/usr/lib/node_modules/pm2/node_modules/require-in-the-middle/index.js:101:39)
    at require (node:internal/modules/helpers:177:18)
    at loadRoute (/home/ubuntu/backend/server.js:76:19)
❌ Failed to load route: ./routes/attendance
/home/ubuntu/backend/routes/attendance.js:274



SyntaxError: Unexpected end of input
    at internalCompileFunction (node:internal/vm:76:18)
    at wrapSafe (node:internal/modules/cjs/loader:1283:20)
    at Module._compile (node:internal/modules/cjs/loader:1328:27)
    at Module._extensions..js (node:internal/modules/cjs/loader:1422:10)
    at Module.load (node:internal/modules/cjs/loader:1203:32)
    at Module._load (node:internal/modules/cjs/loader:1019:12)
    at Module.require (node:internal/modules/cjs/loader:1231:19)
    at Hook._require.Module.require (/usr/lib/node_modules/pm2/node_modules/require-in-the-middle/index.js:101:39)
    at require (node:internal/modules/helpers:177:18)
    at loadRoute (/home/ubuntu/backend/server.js:76:19)
❌ Failed to load route: ./routes/attendance
/home/ubuntu/backend/routes/attendance.js:274



SyntaxError: Unexpected end of input
    at internalCompileFunction (node:internal/vm:76:18)
    at wrapSafe (node:internal/modules/cjs/loader:1283:20)
    at Module._compile (node:internal/modules/cjs/loader:1328:27)
    at Module._extensions..js (node:internal/modules/cjs/loader:1422:10)
    at Module.load (node:internal/modules/cjs/loader:1203:32)
    at Module._load (node:internal/modules/cjs/loader:1019:12)
    at Module.require (node:internal/modules/cjs/loader:1231:19)
    at Hook._require.Module.require (/usr/lib/node_modules/pm2/node_modules/require-in-the-middle/index.js:101:39)
    at require (node:internal/modules/helpers:177:18)
    at loadRoute (/home/ubuntu/backend/server.js:76:19)
❌ Failed to load route: ./routes/attendance
/home/ubuntu/backend/routes/attendance.js:274



SyntaxError: Unexpected end of input
    at internalCompileFunction (node:internal/vm:76:18)
    at wrapSafe (node:internal/modules/cjs/loader:1283:20)
    at Module._compile (node:internal/modules/cjs/loader:1328:27)
    at Module._extensions..js (node:internal/modules/cjs/loader:1422:10)
    at Module.load (node:internal/modules/cjs/loader:1203:32)
    at Module._load (node:internal/modules/cjs/loader:1019:12)
    at Module.require (node:internal/modules/cjs/loader:1231:19)
    at Hook._require.Module.require (/usr/lib/node_modules/pm2/node_modules/require-in-the-middle/index.js:101:39)
    at require (node:internal/modules/helpers:177:18)
    at loadRoute (/home/ubuntu/backend/server.js:76:19)
❌ Failed to load route: ./routes/attendance
/home/ubuntu/backend/routes/attendance.js:274



SyntaxError: Unexpected end of input
    at internalCompileFunction (node:internal/vm:76:18)
    at wrapSafe (node:internal/modules/cjs/loader:1283:20)
    at Module._compile (node:internal/modules/cjs/loader:1328:27)
    at Module._extensions..js (node:internal/modules/cjs/loader:1422:10)
    at Module.load (node:internal/modules/cjs/loader:1203:32)
    at Module._load (node:internal/modules/cjs/loader:1019:12)
    at Module.require (node:internal/modules/cjs/loader:1231:19)
    at Hook._require.Module.require (/usr/lib/node_modules/pm2/node_modules/require-in-the-middle/index.js:101:39)
    at require (node:internal/modules/helpers:177:18)
    at loadRoute (/home/ubuntu/backend/server.js:76:19)
❌ Failed to load route: ./routes/attendance
/home/ubuntu/backend/routes/attendance.js:274



SyntaxError: Unexpected end of input
    at internalCompileFunction (node:internal/vm:76:18)
    at wrapSafe (node:internal/modules/cjs/loader:1283:20)
    at Module._compile (node:internal/modules/cjs/loader:1328:27)
    at Module._extensions..js (node:internal/modules/cjs/loader:1422:10)
    at Module.load (node:internal/modules/cjs/loader:1203:32)
    at Module._load (node:internal/modules/cjs/loader:1019:12)
    at Module.require (node:internal/modules/cjs/loader:1231:19)
    at Hook._require.Module.require (/usr/lib/node_modules/pm2/node_modules/require-in-the-middle/index.js:101:39)
    at require (node:internal/modules/helpers:177:18)
    at loadRoute (/home/ubuntu/backend/server.js:76:19)
❌ Failed to load route: ./routes/attendance
/home/ubuntu/backend/routes/attendance.js:274



SyntaxError: Unexpected end of input
    at internalCompileFunction (node:internal/vm:76:18)
    at wrapSafe (node:internal/modules/cjs/loader:1283:20)
    at Module._compile (node:internal/modules/cjs/loader:1328:27)
    at Module._extensions..js (node:internal/modules/cjs/loader:1422:10)
    at Module.load (node:internal/modules/cjs/loader:1203:32)
    at Module._load (node:internal/modules/cjs/loader:1019:12)
    at Module.require (node:internal/modules/cjs/loader:1231:19)
    at Hook._require.Module.require (/usr/lib/node_modules/pm2/node_modules/require-in-the-middle/index.js:101:39)
    at require (node:internal/modules/helpers:177:18)
    at loadRoute (/home/ubuntu/backend/server.js:76:19)
team summary error: Error: Unknown column 'l.start_date' in 'on clause'
    at PromisePool.query (/home/ubuntu/backend/node_modules/mysql2/lib/promise/pool.js:36:22)
    at /home/ubuntu/backend/routes/attendance.js:246:29
    at Layer.handle [as handle_request] (/home/ubuntu/backend/node_modules/express/lib/router/layer.js:95:5)
    at next (/home/ubuntu/backend/node_modules/express/lib/router/route.js:149:13)
    at verifyToken (/home/ubuntu/backend/middleware/auth.js:72:5)
    at process.processTicksAndRejections (node:internal/process/task_queues:95:5) {
  code: 'ER_BAD_FIELD_ERROR',
  errno: 1054,
  sql: '\n' +
    '      SELECT\n' +
    '        COUNT(DISTINCT e.id) AS total,\n' +
    '        COUNT(DISTINCT CASE WHEN al.id IS NOT NULL THEN e.id END) AS present,\n' +
    '        COUNT(DISTINCT CASE WHEN l.id IS NOT NULL THEN e.id END) AS on_leave\n' +
    '      FROM employees e\n' +
    '      LEFT JOIN attendance_logs al\n' +
    '        ON al.employee_id = e.id\n' +
    '        AND al.log_date = CURDATE()\n' +
    '      LEFT JOIN leaves l\n' +
    '        ON l.employee_id = e.id\n' +
    "        AND l.status = 'APPROVED'\n" +
    '        AND CURDATE() BETWEEN l.start_date AND l.end_date\n' +
    '      WHERE e.manager_id = 2\n' +
    '      ',
  sqlState: '42S22',
  sqlMessage: "Unknown column 'l.start_date' in 'on clause'"
}
team summary error: Error: Unknown column 'l.start_date' in 'on clause'
    at PromisePool.query (/home/ubuntu/backend/node_modules/mysql2/lib/promise/pool.js:36:22)
    at /home/ubuntu/backend/routes/attendance.js:246:29
    at Layer.handle [as handle_request] (/home/ubuntu/backend/node_modules/express/lib/router/layer.js:95:5)
    at next (/home/ubuntu/backend/node_modules/express/lib/router/route.js:149:13)
    at verifyToken (/home/ubuntu/backend/middleware/auth.js:72:5)
    at process.processTicksAndRejections (node:internal/process/task_queues:95:5) {
  code: 'ER_BAD_FIELD_ERROR',
  errno: 1054,
  sql: '\n' +
    '      SELECT\n' +
    '        COUNT(DISTINCT e.id) AS total,\n' +
    '        COUNT(DISTINCT CASE WHEN al.id IS NOT NULL THEN e.id END) AS present,\n' +
    '        COUNT(DISTINCT CASE WHEN l.id IS NOT NULL THEN e.id END) AS on_leave\n' +
    '      FROM employees e\n' +
    '      LEFT JOIN attendance_logs al\n' +
    '        ON al.employee_id = e.id\n' +
    '        AND al.log_date = CURDATE()\n' +
    '      LEFT JOIN leaves l\n' +
    '        ON l.employee_id = e.id\n' +
    "        AND l.status = 'APPROVED'\n" +
    '        AND CURDATE() BETWEEN l.start_date AND l.end_date\n' +
    '      WHERE e.manager_id = 2\n' +
    '      ',
  sqlState: '42S22',
  sqlMessage: "Unknown column 'l.start_date' in 'on clause'"
}
