⏰ CRON: Checking for extended shifts (>12 hours)...
✅ No overtime sessions found
⏰ CRON: Checking for extended shifts (>12 hours)...
✅ No overtime sessions found
⏰ CRON: Checking for extended shifts (>12 hours)...
✅ No overtime sessions found
⏰ CRON: Checking for extended shifts (>12 hours)...
✅ No overtime sessions found
⏰ CRON: Checking for extended shifts (>12 hours)...
✅ No overtime sessions found
🔌 User 28 connected to Socket
🔌 User 28 connected to Socket
🔌 User 28 connected to Socket
[dotenv@17.2.3] injecting env (8) from .env -- tip: 🔄 add secrets lifecycle management: https://dotenvx.com/ops
🔥 DB INDEX LOADED FROM: /home/ubuntu/backend/db/index.js
✅ MySQL Pool Ready (promise-based)
✅ LOADED LEAVES API - FULLY FIXED
✅ Notification Service: Socket Initialized
🚀 HRMS running on port 5000
🌱 Environment: production
🕒 Server Time: Mon Feb 16 2026 10:31:49 GMT+0530 (India Standard Time)
🕒 DB timezone locked to IST (+05:30)
🔌 User 1 connected to Socket
🔌 User 29 connected to Socket
🔌 User 29 connected to Socket
🔌 User 29 connected to Socket
⏰ CRON: Checking for extended shifts (>12 hours)...
✅ No overtime sessions found
[dotenv@17.2.3] injecting env (8) from .env -- tip: 🛠️  run anywhere with `dotenvx run -- yourcommand`
🔥 DB INDEX LOADED FROM: /home/ubuntu/backend/db/index.js
✅ MySQL Pool Ready (promise-based)
✅ LOADED LEAVES API - FULLY FIXED
✅ Notification Service: Socket Initialized
🚀 HRMS running on port 5000
🌱 Environment: production
🕒 Server Time: Mon Feb 16 2026 11:31:36 GMT+0530 (India Standard Time)
🕒 DB timezone locked to IST (+05:30)
🔌 User 1 connected to Socket
🔌 User 1 connected to Socket
🔌 User 1 connected to Socket
🔌 User 1 connected to Socket
🔌 User 1 connected to Socket
🔌 User 1 connected to Socket
[dotenv@17.2.3] injecting env (8) from .env -- tip: 🛠️  run anywhere with `dotenvx run -- yourcommand`
🔥 DB INDEX LOADED FROM: /home/ubuntu/backend/db/index.js
✅ MySQL Pool Ready (promise-based)
✅ LOADED LEAVES API - FULLY FIXED
✅ Notification Service: Socket Initialized
🚀 HRMS running on port 5000
🌱 Environment: production
🕒 Server Time: Mon Feb 16 2026 11:35:40 GMT+0530 (India Standard Time)
🕒 DB timezone locked to IST (+05:30)
🔌 User 1 connected to Socket
🔌 User 1 connected to Socket
[dotenv@17.2.3] injecting env (8) from .env -- tip: ⚙️  override existing env vars with { override: true }
🔥 DB INDEX LOADED FROM: /home/ubuntu/backend/db/index.js
✅ MySQL Pool Ready (promise-based)
✅ LOADED LEAVES API - FULLY FIXED
✅ Notification Service: Socket Initialized
🚀 HRMS running on port 5000
🌱 Environment: production
🕒 Server Time: Mon Feb 16 2026 11:39:19 GMT+0530 (India Standard Time)
🕒 DB timezone locked to IST (+05:30)
🔌 User 1 connected to Socket
🔌 User 1 connected to Socket
🔌 User 1 connected to Socket
🔌 User 1 connected to Socket
🔌 User 1 connected to Socket
🔌 User 1 connected to Socket
🔌 User 1 connected to Socket
⏰ CRON: Checking for extended shifts (>12 hours)...
✅ No overtime sessions found
[dotenv@17.2.3] injecting env (8) from .env -- tip: ⚙️  enable debug logging with { debug: true }
🔥 DB INDEX LOADED FROM: /home/ubuntu/backend/db/index.js
✅ MySQL Pool Ready (promise-based)
✅ LOADED LEAVES API - FULLY FIXED
✅ Notification Service: Socket Initialized
🚀 HRMS running on port 5000
🌱 Environment: production
🕒 Server Time: Mon Feb 16 2026 12:06:31 GMT+0530 (India Standard Time)
🕒 DB timezone locked to IST (+05:30)
🔌 User 1 connected to Socket
🔌 User 1 connected to Socket
🔌 User 1 connected to Socket
🔌 User 1 connected to Socket
[dotenv@17.2.3] injecting env (8) from .env -- tip: ⚙️  specify custom .env file path with { path: '/custom/path/.env' }
🔥 DB INDEX LOADED FROM: /home/ubuntu/backend/db/index.js
✅ MySQL Pool Ready (promise-based)
✅ LOADED LEAVES API - FULLY FIXED
✅ Notification Service: Socket Initialized
🚀 HRMS running on port 5000
🌱 Environment: production
🕒 Server Time: Mon Feb 16 2026 12:12:38 GMT+0530 (India Standard Time)
🕒 DB timezone locked to IST (+05:30)
🔌 User 1 connected to Socket
🔌 User 1 connected to Socket
🔌 User 1 connected to Socket
🔌 User 1 connected to Socket
🔌 User 1 connected to Socket
🔌 User 1 connected to Socket
🔌 User 1 connected to Socket
[dotenv@17.2.3] injecting env (8) from .env -- tip: ⚙️  specify custom .env file path with { path: '/custom/path/.env' }
🔥 DB INDEX LOADED FROM: /home/ubuntu/backend/db/index.js
✅ MySQL Pool Ready (promise-based)
✅ LOADED LEAVES API - FULLY FIXED
✅ Notification Service: Socket Initialized
🚀 HRMS running on port 5000
🌱 Environment: production
🕒 Server Time: Mon Feb 16 2026 12:25:19 GMT+0530 (India Standard Time)
🕒 DB timezone locked to IST (+05:30)
🔌 User 1 connected to Socket
🔌 User 1 connected to Socket
🔌 User 1 connected to Socket
🔌 User 1 connected to Socket
[dotenv@17.2.3] injecting env (8) from .env -- tip: ⚙️  enable debug logging with { debug: true }
🔥 DB INDEX LOADED FROM: /home/ubuntu/backend/db/index.js
✅ MySQL Pool Ready (promise-based)
✅ LOADED LEAVES API - FULLY FIXED
✅ Notification Service: Socket Initialized
🚀 HRMS running on port 5000
🌱 Environment: production
🕒 Server Time: Mon Feb 16 2026 12:29:45 GMT+0530 (India Standard Time)
🕒 DB timezone locked to IST (+05:30)
🔌 User 1 connected to Socket
🔌 User 1 connected to Socket
🔌 User 1 connected to Socket
🔌 User 1 connected to Socket
🔌 User 1 connected to Socket
🔌 User 1 connected to Socket
🔌 User 1 connected to Socket
🔌 User 1 connected to Socket
[dotenv@17.2.3] injecting env (8) from .env -- tip: 👥 sync secrets across teammates & machines: https://dotenvx.com/ops
🔥 DB INDEX LOADED FROM: /home/ubuntu/backend/db/index.js
✅ MySQL Pool Ready (promise-based)
✅ LOADED LEAVES API - FULLY FIXED
✅ Notification Service: Socket Initialized
🚀 HRMS running on port 5000
🌱 Environment: production
🕒 Server Time: Mon Feb 16 2026 12:54:54 GMT+0530 (India Standard Time)
🕒 DB timezone locked to IST (+05:30)
🔌 User 1 connected to Socket
🔌 User 1 connected to Socket
🔌 User 1 connected to Socket
🔌 User 1 connected to Socket
🔌 User 1 connected to Socket
🔌 User 1 connected to Socket
⏰ CRON: Checking for extended shifts (>12 hours)...
✅ No overtime sessions found
🔌 User 1 connected to Socket
⏰ CRON: Checking for extended shifts (>12 hours)...
✅ No overtime sessions found
🔌 User 1 connected to Socket
🔌 User 1 connected to Socket
[dotenv@17.2.3] injecting env (8) from .env -- tip: 🔐 prevent building .env in docker: https://dotenvx.com/prebuild
🔥 DB INDEX LOADED FROM: /home/ubuntu/backend/db/index.js
✅ MySQL Pool Ready (promise-based)
✅ LOADED LEAVES API - FULLY FIXED
✅ Notification Service: Socket Initialized
🚀 HRMS running on port 5000
🌱 Environment: production
🕒 Server Time: Mon Feb 16 2026 14:15:39 GMT+0530 (India Standard Time)
🕒 DB timezone locked to IST (+05:30)
🔌 User 1 connected to Socket
🔌 User 1 connected to Socket
🔌 User 1 connected to Socket
🔌 User 1 connected to Socket
🔌 User 1 connected to Socket
⏰ CRON: Checking for extended shifts (>12 hours)...
✅ No overtime sessions found
🔌 User 1 connected to Socket
🔌 User 1 connected to Socket
🔌 User 1 connected to Socket
🔌 User 1 connected to Socket
[dotenv@17.2.3] injecting env (8) from .env -- tip: ⚙️  suppress all logs with { quiet: true }
🔥 DB INDEX LOADED FROM: /home/ubuntu/backend/db/index.js
✅ MySQL Pool Ready (promise-based)
✅ LOADED LEAVES API - FULLY FIXED
✅ Notification Service: Socket Initialized
🚀 HRMS running on port 5000
🌱 Environment: production
🕒 Server Time: Mon Feb 16 2026 15:53:08 GMT+0530 (India Standard Time)
🕒 DB timezone locked to IST (+05:30)
🔌 User 1 connected to Socket
🔌 User 1 connected to Socket
⏰ CRON: Checking for extended shifts (>12 hours)...
✅ No overtime sessions found
🔌 User 1 connected to Socket
[dotenv@17.2.3] injecting env (8) from .env -- tip: ⚙️  override existing env vars with { override: true }
🔥 DB INDEX LOADED FROM: /home/ubuntu/backend/db/index.js
✅ MySQL Pool Ready (promise-based)
✅ LOADED LEAVES API - FULLY FIXED
✅ Notification Service: Socket Initialized
🚀 HRMS running on port 5000
🌱 Environment: production
🕒 Server Time: Mon Feb 16 2026 16:12:29 GMT+0530 (India Standard Time)
🕒 DB timezone locked to IST (+05:30)
🔌 User 1 connected to Socket
