0 verbose cli /usr/bin/node /usr/bin/npm
1 info using npm@10.8.2
2 info using node@v18.20.8
3 silly config load:file:/usr/lib/node_modules/npm/npmrc
4 silly config load:file:/home/ubuntu/.npmrc
5 silly config load:file:/usr/etc/npmrc
6 verbose title npm install axios
7 verbose argv "install" "axios"
8 verbose logfile logs-max:10 dir:/home/ubuntu/.npm/_logs/2026-02-10T17_39_09_523Z-
9 verbose logfile /home/ubuntu/.npm/_logs/2026-02-10T17_39_09_523Z-debug-0.log
10 silly packumentCache heap:492044288 maxSize:123011072 maxEntrySize:61505536
11 silly logfile start cleaning logs, removing 1 files
12 silly logfile done cleaning log files
13 silly idealTree buildDeps
14 silly fetch manifest axios@*
15 silly packumentCache full:https://registry.npmjs.org/axios cache-miss
16 http fetch GET 200 https://registry.npmjs.org/axios 135ms (cache miss)
17 silly packumentCache full:https://registry.npmjs.org/axios set size:undefined disposed:false
18 silly placeDep ROOT axios@1.13.5 OK for:  want: *
19 silly fetch manifest follow-redirects@^1.15.11
20 silly packumentCache full:https://registry.npmjs.org/follow-redirects cache-miss
21 http fetch GET 200 https://registry.npmjs.org/follow-redirects 577ms (cache miss)
22 silly packumentCache full:https://registry.npmjs.org/follow-redirects set size:undefined disposed:false
23 silly fetch manifest form-data@^4.0.5
24 silly packumentCache full:https://registry.npmjs.org/form-data cache-miss
25 http fetch GET 200 https://registry.npmjs.org/form-data 64ms (cache miss)
26 silly packumentCache full:https://registry.npmjs.org/form-data set size:undefined disposed:false
27 silly fetch manifest proxy-from-env@^1.1.0
28 silly packumentCache full:https://registry.npmjs.org/proxy-from-env cache-miss
29 http fetch GET 200 https://registry.npmjs.org/proxy-from-env 27ms (cache miss)
30 silly packumentCache full:https://registry.npmjs.org/proxy-from-env set size:undefined disposed:false
31 silly placeDep ROOT follow-redirects@1.15.11 OK for: axios@1.13.5 want: ^1.15.11
32 silly placeDep ROOT form-data@4.0.5 OK for: axios@1.13.5 want: ^4.0.5
33 silly placeDep ROOT proxy-from-env@1.1.0 OK for: axios@1.13.5 want: ^1.1.0
34 silly fetch manifest asynckit@^0.4.0
35 silly packumentCache full:https://registry.npmjs.org/asynckit cache-miss
36 http fetch GET 200 https://registry.npmjs.org/asynckit 31ms (cache miss)
37 silly packumentCache full:https://registry.npmjs.org/asynckit set size:undefined disposed:false
38 silly fetch manifest combined-stream@^1.0.8
39 silly packumentCache full:https://registry.npmjs.org/combined-stream cache-miss
40 http fetch GET 200 https://registry.npmjs.org/combined-stream 36ms (cache miss)
41 silly packumentCache full:https://registry.npmjs.org/combined-stream set size:undefined disposed:false
42 silly fetch manifest es-set-tostringtag@^2.1.0
43 silly packumentCache full:https://registry.npmjs.org/es-set-tostringtag cache-miss
44 http fetch GET 200 https://registry.npmjs.org/es-set-tostringtag 26ms (cache miss)
45 silly packumentCache full:https://registry.npmjs.org/es-set-tostringtag set size:undefined disposed:false
46 silly fetch manifest hasown@^2.0.2
47 silly packumentCache full:https://registry.npmjs.org/hasown cache-miss
48 http fetch GET 200 https://registry.npmjs.org/hasown 24ms (cache miss)
49 silly packumentCache full:https://registry.npmjs.org/hasown set size:undefined disposed:false
50 silly placeDep ROOT asynckit@0.4.0 OK for: form-data@4.0.5 want: ^0.4.0
51 silly placeDep ROOT combined-stream@1.0.8 OK for: form-data@4.0.5 want: ^1.0.8
52 silly placeDep ROOT es-set-tostringtag@2.1.0 OK for: form-data@4.0.5 want: ^2.1.0
53 silly placeDep ROOT hasown@2.0.2 OK for: form-data@4.0.5 want: ^2.0.2
54 silly fetch manifest delayed-stream@~1.0.0
55 silly packumentCache full:https://registry.npmjs.org/delayed-stream cache-miss
56 http fetch GET 200 https://registry.npmjs.org/delayed-stream 31ms (cache miss)
57 silly packumentCache full:https://registry.npmjs.org/delayed-stream set size:undefined disposed:false
58 silly fetch manifest es-errors@^1.3.0
59 silly packumentCache full:https://registry.npmjs.org/es-errors cache-miss
60 http fetch GET 200 https://registry.npmjs.org/es-errors 28ms (cache miss)
61 silly packumentCache full:https://registry.npmjs.org/es-errors set size:undefined disposed:false
62 silly fetch manifest get-intrinsic@^1.2.6
63 silly packumentCache full:https://registry.npmjs.org/get-intrinsic cache-miss
64 http fetch GET 200 https://registry.npmjs.org/get-intrinsic 29ms (cache miss)
65 silly packumentCache full:https://registry.npmjs.org/get-intrinsic set size:undefined disposed:false
66 silly fetch manifest has-tostringtag@^1.0.2
67 silly packumentCache full:https://registry.npmjs.org/has-tostringtag cache-miss
68 http fetch GET 200 https://registry.npmjs.org/has-tostringtag 29ms (cache miss)
69 silly packumentCache full:https://registry.npmjs.org/has-tostringtag set size:undefined disposed:false
70 silly fetch manifest function-bind@^1.1.2
71 silly packumentCache full:https://registry.npmjs.org/function-bind cache-miss
72 http fetch GET 200 https://registry.npmjs.org/function-bind 33ms (cache miss)
73 silly packumentCache full:https://registry.npmjs.org/function-bind set size:undefined disposed:false
74 silly placeDep ROOT delayed-stream@1.0.0 OK for: combined-stream@1.0.8 want: ~1.0.0
75 silly placeDep ROOT es-errors@1.3.0 OK for: es-set-tostringtag@2.1.0 want: ^1.3.0
76 silly placeDep ROOT get-intrinsic@1.3.0 OK for: es-set-tostringtag@2.1.0 want: ^1.2.6
77 silly placeDep ROOT has-tostringtag@1.0.2 OK for: es-set-tostringtag@2.1.0 want: ^1.0.2
78 silly fetch manifest gopd@^1.2.0
79 silly packumentCache full:https://registry.npmjs.org/gopd cache-miss
80 http fetch GET 200 https://registry.npmjs.org/gopd 36ms (cache miss)
81 silly packumentCache full:https://registry.npmjs.org/gopd set size:undefined disposed:false
82 silly fetch manifest get-proto@^1.0.1
83 silly packumentCache full:https://registry.npmjs.org/get-proto cache-miss
84 http fetch GET 200 https://registry.npmjs.org/get-proto 26ms (cache miss)
85 silly packumentCache full:https://registry.npmjs.org/get-proto set size:undefined disposed:false
86 silly fetch manifest has-symbols@^1.1.0
87 silly packumentCache full:https://registry.npmjs.org/has-symbols cache-miss
88 http fetch GET 200 https://registry.npmjs.org/has-symbols 28ms (cache miss)
89 silly packumentCache full:https://registry.npmjs.org/has-symbols set size:undefined disposed:false
90 silly fetch manifest es-object-atoms@^1.1.1
91 silly packumentCache full:https://registry.npmjs.org/es-object-atoms cache-miss
92 http fetch GET 200 https://registry.npmjs.org/es-object-atoms 25ms (cache miss)
93 silly packumentCache full:https://registry.npmjs.org/es-object-atoms set size:undefined disposed:false
94 silly fetch manifest math-intrinsics@^1.1.0
95 silly packumentCache full:https://registry.npmjs.org/math-intrinsics cache-miss
96 http fetch GET 200 https://registry.npmjs.org/math-intrinsics 27ms (cache miss)
97 silly packumentCache full:https://registry.npmjs.org/math-intrinsics set size:undefined disposed:false
98 silly fetch manifest es-define-property@^1.0.1
99 silly packumentCache full:https://registry.npmjs.org/es-define-property cache-miss
100 http fetch GET 200 https://registry.npmjs.org/es-define-property 31ms (cache miss)
101 silly packumentCache full:https://registry.npmjs.org/es-define-property set size:undefined disposed:false
102 silly fetch manifest call-bind-apply-helpers@^1.0.2
103 silly packumentCache full:https://registry.npmjs.org/call-bind-apply-helpers cache-miss
104 http fetch GET 200 https://registry.npmjs.org/call-bind-apply-helpers 34ms (cache miss)
105 silly packumentCache full:https://registry.npmjs.org/call-bind-apply-helpers set size:undefined disposed:false
106 silly fetch manifest has-symbols@^1.0.3
107 silly packumentCache full:https://registry.npmjs.org/has-symbols cache-miss
108 http fetch GET 200 https://registry.npmjs.org/has-symbols 6ms (cache hit)
109 silly packumentCache full:https://registry.npmjs.org/has-symbols set size:21550 disposed:false
110 silly placeDep ROOT call-bind-apply-helpers@1.0.2 OK for: get-intrinsic@1.3.0 want: ^1.0.2
111 silly placeDep ROOT es-define-property@1.0.1 OK for: get-intrinsic@1.3.0 want: ^1.0.1
112 silly placeDep ROOT es-object-atoms@1.1.1 OK for: get-intrinsic@1.3.0 want: ^1.1.1
113 silly placeDep ROOT function-bind@1.1.2 OK for: get-intrinsic@1.3.0 want: ^1.1.2
114 silly placeDep ROOT get-proto@1.0.1 OK for: get-intrinsic@1.3.0 want: ^1.0.1
115 silly placeDep ROOT gopd@1.2.0 OK for: get-intrinsic@1.3.0 want: ^1.2.0
116 silly placeDep ROOT has-symbols@1.1.0 OK for: get-intrinsic@1.3.0 want: ^1.1.0
117 silly placeDep ROOT math-intrinsics@1.1.0 OK for: get-intrinsic@1.3.0 want: ^1.1.0
118 silly fetch manifest dunder-proto@^1.0.1
119 silly packumentCache full:https://registry.npmjs.org/dunder-proto cache-miss
120 http fetch GET 200 https://registry.npmjs.org/dunder-proto 30ms (cache miss)
121 silly packumentCache full:https://registry.npmjs.org/dunder-proto set size:undefined disposed:false
122 silly placeDep ROOT dunder-proto@1.0.1 OK for: get-proto@1.0.1 want: ^1.0.1
123 silly reify moves {}
124 silly audit bulk request {
124 silly audit   '@ioredis/commands': [ '1.5.0' ],
124 silly audit   '@msgpackr-extract/msgpackr-extract-darwin-arm64': [ '3.0.3' ],
124 silly audit   '@msgpackr-extract/msgpackr-extract-darwin-x64': [ '3.0.3' ],
124 silly audit   '@msgpackr-extract/msgpackr-extract-linux-arm': [ '3.0.3' ],
124 silly audit   '@msgpackr-extract/msgpackr-extract-linux-arm64': [ '3.0.3' ],
124 silly audit   '@msgpackr-extract/msgpackr-extract-linux-x64': [ '3.0.3' ],
124 silly audit   '@msgpackr-extract/msgpackr-extract-win32-x64': [ '3.0.3' ],
124 silly audit   '@socket.io/component-emitter': [ '3.1.2' ],
124 silly audit   '@types/cors': [ '2.8.19' ],
124 silly audit   '@types/node': [ '25.2.2' ],
124 silly audit   accepts: [ '1.3.8' ],
124 silly audit   base64id: [ '2.0.0' ],
124 silly audit   bull: [ '4.16.5' ],
124 silly audit   'cluster-key-slot': [ '1.1.2' ],
124 silly audit   cookie: [ '0.7.2' ],
124 silly audit   cors: [ '2.8.6' ],
124 silly audit   'cron-parser': [ '4.9.0' ],
124 silly audit   dayjs: [ '1.11.19' ],
124 silly audit   debug: [ '4.4.3' ],
124 silly audit   denque: [ '2.1.0' ],
124 silly audit   'detect-libc': [ '2.1.2' ],
124 silly audit   'engine.io': [ '6.6.5' ],
124 silly audit   'engine.io-parser': [ '5.2.3' ],
124 silly audit   'get-port': [ '5.1.1' ],
124 silly audit   ioredis: [ '5.9.2' ],
124 silly audit   lodash: [ '4.17.23' ],
124 silly audit   'lodash.defaults': [ '4.2.0' ],
124 silly audit   'lodash.isarguments': [ '3.1.0' ],
124 silly audit   luxon: [ '3.7.2' ],
124 silly audit   'mime-db': [ '1.52.0' ],
124 silly audit   'mime-types': [ '2.1.35' ],
124 silly audit   ms: [ '2.1.3' ],
124 silly audit   msgpackr: [ '1.11.8' ],
124 silly audit   'msgpackr-extract': [ '3.0.3' ],
124 silly audit   negotiator: [ '0.6.3' ],
124 silly audit   'node-cron': [ '4.2.1' ],
124 silly audit   'node-gyp-build-optional-packages': [ '5.2.2' ],
124 silly audit   'object-assign': [ '4.1.1' ],
124 silly audit   'redis-errors': [ '1.2.0' ],
124 silly audit   'redis-parser': [ '3.0.0' ],
124 silly audit   semver: [ '7.7.4' ],
124 silly audit   'socket.io': [ '4.8.3' ],
124 silly audit   'socket.io-adapter': [ '2.5.6' ],
124 silly audit   'socket.io-parser': [ '4.2.5' ],
124 silly audit   'standard-as-callback': [ '2.1.0' ],
124 silly audit   'undici-types': [ '7.16.0' ],
124 silly audit   uuid: [ '8.3.2' ],
124 silly audit   vary: [ '1.1.2' ],
124 silly audit   ws: [ '8.18.3' ],
124 silly audit   axios: [ '1.13.5' ],
124 silly audit   'follow-redirects': [ '1.15.11' ],
124 silly audit   'form-data': [ '4.0.5' ],
124 silly audit   'proxy-from-env': [ '1.1.0' ],
124 silly audit   asynckit: [ '0.4.0' ],
124 silly audit   'combined-stream': [ '1.0.8' ],
124 silly audit   'es-set-tostringtag': [ '2.1.0' ],
124 silly audit   hasown: [ '2.0.2' ],
124 silly audit   'delayed-stream': [ '1.0.0' ],
124 silly audit   'es-errors': [ '1.3.0' ],
124 silly audit   'get-intrinsic': [ '1.3.0' ],
124 silly audit   'has-tostringtag': [ '1.0.2' ],
124 silly audit   'call-bind-apply-helpers': [ '1.0.2' ],
124 silly audit   'es-define-property': [ '1.0.1' ],
124 silly audit   'es-object-atoms': [ '1.1.1' ],
124 silly audit   'function-bind': [ '1.1.2' ],
124 silly audit   'get-proto': [ '1.0.1' ],
124 silly audit   gopd: [ '1.2.0' ],
124 silly audit   'has-symbols': [ '1.1.0' ],
124 silly audit   'math-intrinsics': [ '1.1.0' ],
124 silly audit   'dunder-proto': [ '1.0.1' ]
124 silly audit }
125 verbose reify failed optional dependency /home/ubuntu/node_modules/@msgpackr-extract/msgpackr-extract-win32-x64
126 silly reify mark deleted [
126 silly reify   '/home/ubuntu/node_modules/@msgpackr-extract/msgpackr-extract-win32-x64'
126 silly reify ]
127 verbose reify failed optional dependency /home/ubuntu/node_modules/@msgpackr-extract/msgpackr-extract-linux-arm64
128 silly reify mark deleted [
128 silly reify   '/home/ubuntu/node_modules/@msgpackr-extract/msgpackr-extract-linux-arm64'
128 silly reify ]
129 verbose reify failed optional dependency /home/ubuntu/node_modules/@msgpackr-extract/msgpackr-extract-linux-arm
130 silly reify mark deleted [
130 silly reify   '/home/ubuntu/node_modules/@msgpackr-extract/msgpackr-extract-linux-arm'
130 silly reify ]
131 verbose reify failed optional dependency /home/ubuntu/node_modules/@msgpackr-extract/msgpackr-extract-darwin-x64
132 silly reify mark deleted [
132 silly reify   '/home/ubuntu/node_modules/@msgpackr-extract/msgpackr-extract-darwin-x64'
132 silly reify ]
133 verbose reify failed optional dependency /home/ubuntu/node_modules/@msgpackr-extract/msgpackr-extract-darwin-arm64
134 silly reify mark deleted [
134 silly reify   '/home/ubuntu/node_modules/@msgpackr-extract/msgpackr-extract-darwin-arm64'
134 silly reify ]
135 silly tarball no local data for dunder-proto@https://registry.npmjs.org/dunder-proto/-/dunder-proto-1.0.1.tgz. Extracting by manifest.
136 silly tarball no local data for math-intrinsics@https://registry.npmjs.org/math-intrinsics/-/math-intrinsics-1.1.0.tgz. Extracting by manifest.
137 silly tarball no local data for has-symbols@https://registry.npmjs.org/has-symbols/-/has-symbols-1.1.0.tgz. Extracting by manifest.
138 silly tarball no local data for gopd@https://registry.npmjs.org/gopd/-/gopd-1.2.0.tgz. Extracting by manifest.
139 silly tarball no local data for get-proto@https://registry.npmjs.org/get-proto/-/get-proto-1.0.1.tgz. Extracting by manifest.
140 silly tarball no local data for es-object-atoms@https://registry.npmjs.org/es-object-atoms/-/es-object-atoms-1.1.1.tgz. Extracting by manifest.
141 silly tarball no local data for es-define-property@https://registry.npmjs.org/es-define-property/-/es-define-property-1.0.1.tgz. Extracting by manifest.
142 silly tarball no local data for call-bind-apply-helpers@https://registry.npmjs.org/call-bind-apply-helpers/-/call-bind-apply-helpers-1.0.2.tgz. Extracting by manifest.
143 silly tarball no local data for has-tostringtag@https://registry.npmjs.org/has-tostringtag/-/has-tostringtag-1.0.2.tgz. Extracting by manifest.
144 silly tarball no local data for function-bind@https://registry.npmjs.org/function-bind/-/function-bind-1.1.2.tgz. Extracting by manifest.
145 silly tarball no local data for get-intrinsic@https://registry.npmjs.org/get-intrinsic/-/get-intrinsic-1.3.0.tgz. Extracting by manifest.
146 silly tarball no local data for es-errors@https://registry.npmjs.org/es-errors/-/es-errors-1.3.0.tgz. Extracting by manifest.
147 silly tarball no local data for delayed-stream@https://registry.npmjs.org/delayed-stream/-/delayed-stream-1.0.0.tgz. Extracting by manifest.
148 silly tarball no local data for hasown@https://registry.npmjs.org/hasown/-/hasown-2.0.2.tgz. Extracting by manifest.
149 silly tarball no local data for es-set-tostringtag@https://registry.npmjs.org/es-set-tostringtag/-/es-set-tostringtag-2.1.0.tgz. Extracting by manifest.
150 silly tarball no local data for combined-stream@https://registry.npmjs.org/combined-stream/-/combined-stream-1.0.8.tgz. Extracting by manifest.
151 silly tarball no local data for asynckit@https://registry.npmjs.org/asynckit/-/asynckit-0.4.0.tgz. Extracting by manifest.
152 silly tarball no local data for proxy-from-env@https://registry.npmjs.org/proxy-from-env/-/proxy-from-env-1.1.0.tgz. Extracting by manifest.
153 silly tarball no local data for form-data@https://registry.npmjs.org/form-data/-/form-data-4.0.5.tgz. Extracting by manifest.
154 silly tarball no local data for follow-redirects@https://registry.npmjs.org/follow-redirects/-/follow-redirects-1.15.11.tgz. Extracting by manifest.
155 silly tarball no local data for axios@https://registry.npmjs.org/axios/-/axios-1.13.5.tgz. Extracting by manifest.
156 http fetch POST 200 https://registry.npmjs.org/-/npm/v1/security/advisories/bulk 216ms
157 silly audit report {}
158 http fetch GET 200 https://registry.npmjs.org/es-define-property/-/es-define-property-1.0.1.tgz 219ms (cache miss)
159 http fetch GET 200 https://registry.npmjs.org/delayed-stream/-/delayed-stream-1.0.0.tgz 212ms (cache miss)
160 http fetch GET 200 https://registry.npmjs.org/get-proto/-/get-proto-1.0.1.tgz 240ms (cache miss)
161 http fetch GET 200 https://registry.npmjs.org/es-object-atoms/-/es-object-atoms-1.1.1.tgz 251ms (cache miss)
162 http fetch GET 200 https://registry.npmjs.org/combined-stream/-/combined-stream-1.0.8.tgz 241ms (cache miss)
163 http fetch GET 200 https://registry.npmjs.org/gopd/-/gopd-1.2.0.tgz 262ms (cache miss)
164 http fetch GET 200 https://registry.npmjs.org/hasown/-/hasown-2.0.2.tgz 254ms (cache miss)
165 http fetch GET 200 https://registry.npmjs.org/dunder-proto/-/dunder-proto-1.0.1.tgz 269ms (cache miss)
166 http fetch GET 200 https://registry.npmjs.org/proxy-from-env/-/proxy-from-env-1.1.0.tgz 254ms (cache miss)
167 http fetch GET 200 https://registry.npmjs.org/call-bind-apply-helpers/-/call-bind-apply-helpers-1.0.2.tgz 265ms (cache miss)
168 http fetch GET 200 https://registry.npmjs.org/es-errors/-/es-errors-1.3.0.tgz 261ms (cache miss)
169 http fetch GET 200 https://registry.npmjs.org/function-bind/-/function-bind-1.1.2.tgz 263ms (cache miss)
170 http fetch GET 200 https://registry.npmjs.org/es-set-tostringtag/-/es-set-tostringtag-2.1.0.tgz 262ms (cache miss)
171 http fetch GET 200 https://registry.npmjs.org/get-intrinsic/-/get-intrinsic-1.3.0.tgz 266ms (cache miss)
172 http fetch GET 200 https://registry.npmjs.org/asynckit/-/asynckit-0.4.0.tgz 261ms (cache miss)
173 http fetch GET 200 https://registry.npmjs.org/follow-redirects/-/follow-redirects-1.15.11.tgz 258ms (cache miss)
174 http fetch GET 200 https://registry.npmjs.org/has-symbols/-/has-symbols-1.1.0.tgz 275ms (cache miss)
175 http fetch GET 200 https://registry.npmjs.org/has-tostringtag/-/has-tostringtag-1.0.2.tgz 270ms (cache miss)
176 http fetch GET 200 https://registry.npmjs.org/form-data/-/form-data-4.0.5.tgz 264ms (cache miss)
177 http fetch GET 200 https://registry.npmjs.org/math-intrinsics/-/math-intrinsics-1.1.0.tgz 281ms (cache miss)
178 http fetch GET 200 https://registry.npmjs.org/axios/-/axios-1.13.5.tgz 306ms (cache miss)
179 silly ADD node_modules/dunder-proto
180 silly ADD node_modules/math-intrinsics
181 silly ADD node_modules/has-symbols
182 silly ADD node_modules/gopd
183 silly ADD node_modules/get-proto
184 silly ADD node_modules/function-bind
185 silly ADD node_modules/es-object-atoms
186 silly ADD node_modules/es-define-property
187 silly ADD node_modules/call-bind-apply-helpers
188 silly ADD node_modules/has-tostringtag
189 silly ADD node_modules/get-intrinsic
190 silly ADD node_modules/es-errors
191 silly ADD node_modules/delayed-stream
192 silly ADD node_modules/hasown
193 silly ADD node_modules/es-set-tostringtag
194 silly ADD node_modules/combined-stream
195 silly ADD node_modules/asynckit
196 silly ADD node_modules/proxy-from-env
197 silly ADD node_modules/form-data
198 silly ADD node_modules/follow-redirects
199 silly ADD node_modules/axios
200 silly ADD
201 silly ADD
202 silly ADD
203 silly ADD
204 silly ADD
205 verbose cwd /home/ubuntu
206 verbose os Linux 6.14.0-1018-aws
207 verbose node v18.20.8
208 verbose npm  v10.8.2
209 verbose exit 0
210 info ok
