0 verbose cli /usr/bin/node /usr/bin/npm
1 info using npm@10.8.2
2 info using node@v18.20.8
3 silly config load:file:/usr/lib/node_modules/npm/npmrc
4 silly config load:file:/home/ubuntu/.npmrc
5 silly config load:file:/usr/etc/npmrc
6 verbose title npm install node-cron
7 verbose argv "install" "node-cron"
8 verbose logfile logs-max:10 dir:/home/ubuntu/.npm/_logs/2026-02-10T14_38_04_397Z-
9 verbose logfile /home/ubuntu/.npm/_logs/2026-02-10T14_38_04_397Z-debug-0.log
10 silly packumentCache heap:492044288 maxSize:123011072 maxEntrySize:61505536
11 silly logfile start cleaning logs, removing 1 files
12 silly logfile done cleaning log files
13 silly idealTree buildDeps
14 silly fetch manifest node-cron@*
15 silly packumentCache full:https://registry.npmjs.org/node-cron cache-miss
16 http fetch GET 200 https://registry.npmjs.org/node-cron 113ms (cache miss)
17 silly packumentCache full:https://registry.npmjs.org/node-cron set size:undefined disposed:false
18 silly placeDep ROOT node-cron@4.2.1 OK for:  want: *
19 silly reify moves {}
20 silly audit bulk request {
20 silly audit   '@ioredis/commands': [ '1.5.0' ],
20 silly audit   '@msgpackr-extract/msgpackr-extract-darwin-arm64': [ '3.0.3' ],
20 silly audit   '@msgpackr-extract/msgpackr-extract-darwin-x64': [ '3.0.3' ],
20 silly audit   '@msgpackr-extract/msgpackr-extract-linux-arm': [ '3.0.3' ],
20 silly audit   '@msgpackr-extract/msgpackr-extract-linux-arm64': [ '3.0.3' ],
20 silly audit   '@msgpackr-extract/msgpackr-extract-linux-x64': [ '3.0.3' ],
20 silly audit   '@msgpackr-extract/msgpackr-extract-win32-x64': [ '3.0.3' ],
20 silly audit   '@socket.io/component-emitter': [ '3.1.2' ],
20 silly audit   '@types/cors': [ '2.8.19' ],
20 silly audit   '@types/node': [ '25.2.2' ],
20 silly audit   accepts: [ '1.3.8' ],
20 silly audit   base64id: [ '2.0.0' ],
20 silly audit   bull: [ '4.16.5' ],
20 silly audit   'cluster-key-slot': [ '1.1.2' ],
20 silly audit   cookie: [ '0.7.2' ],
20 silly audit   cors: [ '2.8.6' ],
20 silly audit   'cron-parser': [ '4.9.0' ],
20 silly audit   dayjs: [ '1.11.19' ],
20 silly audit   debug: [ '4.4.3' ],
20 silly audit   denque: [ '2.1.0' ],
20 silly audit   'detect-libc': [ '2.1.2' ],
20 silly audit   'engine.io': [ '6.6.5' ],
20 silly audit   'engine.io-parser': [ '5.2.3' ],
20 silly audit   'get-port': [ '5.1.1' ],
20 silly audit   ioredis: [ '5.9.2' ],
20 silly audit   lodash: [ '4.17.23' ],
20 silly audit   'lodash.defaults': [ '4.2.0' ],
20 silly audit   'lodash.isarguments': [ '3.1.0' ],
20 silly audit   luxon: [ '3.7.2' ],
20 silly audit   'mime-db': [ '1.52.0' ],
20 silly audit   'mime-types': [ '2.1.35' ],
20 silly audit   ms: [ '2.1.3' ],
20 silly audit   msgpackr: [ '1.11.8' ],
20 silly audit   'msgpackr-extract': [ '3.0.3' ],
20 silly audit   negotiator: [ '0.6.3' ],
20 silly audit   'node-gyp-build-optional-packages': [ '5.2.2' ],
20 silly audit   'object-assign': [ '4.1.1' ],
20 silly audit   'redis-errors': [ '1.2.0' ],
20 silly audit   'redis-parser': [ '3.0.0' ],
20 silly audit   semver: [ '7.7.4' ],
20 silly audit   'socket.io': [ '4.8.3' ],
20 silly audit   'socket.io-adapter': [ '2.5.6' ],
20 silly audit   'socket.io-parser': [ '4.2.5' ],
20 silly audit   'standard-as-callback': [ '2.1.0' ],
20 silly audit   'undici-types': [ '7.16.0' ],
20 silly audit   uuid: [ '8.3.2' ],
20 silly audit   vary: [ '1.1.2' ],
20 silly audit   ws: [ '8.18.3' ],
20 silly audit   'node-cron': [ '4.2.1' ]
20 silly audit }
21 verbose reify failed optional dependency /home/ubuntu/node_modules/@msgpackr-extract/msgpackr-extract-win32-x64
22 silly reify mark deleted [
22 silly reify   '/home/ubuntu/node_modules/@msgpackr-extract/msgpackr-extract-win32-x64'
22 silly reify ]
23 verbose reify failed optional dependency /home/ubuntu/node_modules/@msgpackr-extract/msgpackr-extract-linux-arm64
24 silly reify mark deleted [
24 silly reify   '/home/ubuntu/node_modules/@msgpackr-extract/msgpackr-extract-linux-arm64'
24 silly reify ]
25 verbose reify failed optional dependency /home/ubuntu/node_modules/@msgpackr-extract/msgpackr-extract-linux-arm
26 silly reify mark deleted [
26 silly reify   '/home/ubuntu/node_modules/@msgpackr-extract/msgpackr-extract-linux-arm'
26 silly reify ]
27 verbose reify failed optional dependency /home/ubuntu/node_modules/@msgpackr-extract/msgpackr-extract-darwin-x64
28 silly reify mark deleted [
28 silly reify   '/home/ubuntu/node_modules/@msgpackr-extract/msgpackr-extract-darwin-x64'
28 silly reify ]
29 verbose reify failed optional dependency /home/ubuntu/node_modules/@msgpackr-extract/msgpackr-extract-darwin-arm64
30 silly reify mark deleted [
30 silly reify   '/home/ubuntu/node_modules/@msgpackr-extract/msgpackr-extract-darwin-arm64'
30 silly reify ]
31 silly tarball no local data for node-cron@https://registry.npmjs.org/node-cron/-/node-cron-4.2.1.tgz. Extracting by manifest.
32 http fetch GET 200 https://registry.npmjs.org/node-cron/-/node-cron-4.2.1.tgz 126ms (cache miss)
33 http fetch POST 200 https://registry.npmjs.org/-/npm/v1/security/advisories/bulk 205ms
34 silly audit report {}
35 silly ADD node_modules/node-cron
36 silly ADD
37 silly ADD
38 silly ADD
39 silly ADD
40 silly ADD
41 verbose cwd /home/ubuntu
42 verbose os Linux 6.14.0-1018-aws
43 verbose node v18.20.8
44 verbose npm  v10.8.2
45 verbose exit 0
46 info ok
