0 verbose cli /usr/bin/node /usr/bin/npm
1 info using npm@10.8.2
2 info using node@v18.20.8
3 silly config load:file:/usr/lib/node_modules/npm/npmrc
4 silly config load:file:/home/ubuntu/backend/.npmrc
5 silly config load:file:/home/ubuntu/.npmrc
6 silly config load:file:/usr/etc/npmrc
7 verbose title npm fund audit fix
8 verbose argv "fund" "audit" "fix"
9 verbose logfile logs-max:10 dir:/home/ubuntu/.npm/_logs/2026-01-28T14_16_14_487Z-
10 verbose logfile /home/ubuntu/.npm/_logs/2026-01-28T14_16_14_487Z-debug-0.log
11 silly packumentCache heap:492044288 maxSize:123011072 maxEntrySize:61505536
12 silly logfile start cleaning logs, removing 1 files
13 silly logfile done cleaning log files
14 http fetch GET 200 https://registry.npmjs.org/audit 654ms (cache miss)
15 verbose stack Error: No valid funding method available for: audit
15 verbose stack     at errCode (/usr/lib/node_modules/npm/lib/commands/fund.js:16:46)
15 verbose stack     at Fund.openFundingUrl (/usr/lib/node_modules/npm/lib/commands/fund.js:190:13)
15 verbose stack     at async Fund.exec (/usr/lib/node_modules/npm/lib/commands/fund.js:71:7)
15 verbose stack     at async Npm.exec (/usr/lib/node_modules/npm/lib/npm.js:207:9)
15 verbose stack     at async module.exports (/usr/lib/node_modules/npm/lib/cli/entry.js:74:5)
16 error code ENOFUND
17 error No valid funding method available for: audit
18 verbose cwd /home/ubuntu/backend
19 verbose os Linux 6.14.0-1018-aws
20 verbose node v18.20.8
21 verbose npm  v10.8.2
22 verbose exit 1
23 verbose code 1
24 error A complete log of this run can be found in: /home/ubuntu/.npm/_logs/2026-01-28T14_16_14_487Z-debug-0.log
