0 verbose cli /usr/bin/node /usr/bin/npm
1 info using npm@10.8.2
2 info using node@v18.20.8
3 silly config load:file:/usr/lib/node_modules/npm/npmrc
4 silly config load:file:/home/ubuntu/.npmrc
5 silly config load:file:/usr/etc/npmrc
6 verbose title npm install bull
7 verbose argv "install" "bull"
8 verbose logfile logs-max:10 dir:/home/ubuntu/.npm/_logs/2026-02-10T13_43_29_554Z-
9 verbose logfile /home/ubuntu/.npm/_logs/2026-02-10T13_43_29_554Z-debug-0.log
10 silly packumentCache heap:492044288 maxSize:123011072 maxEntrySize:61505536
11 silly logfile start cleaning logs, removing 1 files
12 silly logfile done cleaning log files
13 silly idealTree buildDeps
14 silly fetch manifest bull@*
15 silly packumentCache full:https://registry.npmjs.org/bull cache-miss
16 http fetch GET 200 https://registry.npmjs.org/bull 333ms (cache miss)
17 silly packumentCache full:https://registry.npmjs.org/bull set size:undefined disposed:false
18 silly placeDep ROOT bull@4.16.5 OK for:  want: *
19 silly fetch manifest cron-parser@^4.9.0
20 silly packumentCache full:https://registry.npmjs.org/cron-parser cache-miss
21 http fetch GET 200 https://registry.npmjs.org/cron-parser 36ms (cache miss)
22 silly packumentCache full:https://registry.npmjs.org/cron-parser set size:undefined disposed:false
23 silly fetch manifest get-port@^5.1.1
24 silly packumentCache full:https://registry.npmjs.org/get-port cache-miss
25 http fetch GET 200 https://registry.npmjs.org/get-port 34ms (cache miss)
26 silly packumentCache full:https://registry.npmjs.org/get-port set size:undefined disposed:false
27 silly fetch manifest ioredis@^5.3.2
28 silly packumentCache full:https://registry.npmjs.org/ioredis cache-miss
29 http fetch GET 200 https://registry.npmjs.org/ioredis 41ms (cache miss)
30 silly packumentCache full:https://registry.npmjs.org/ioredis set size:undefined disposed:false
31 silly fetch manifest lodash@^4.17.21
32 silly packumentCache full:https://registry.npmjs.org/lodash cache-miss
33 http fetch GET 200 https://registry.npmjs.org/lodash 81ms (cache miss)
34 silly packumentCache full:https://registry.npmjs.org/lodash set size:undefined disposed:false
35 silly fetch manifest msgpackr@^1.11.2
36 silly packumentCache full:https://registry.npmjs.org/msgpackr cache-miss
37 http fetch GET 200 https://registry.npmjs.org/msgpackr 44ms (cache miss)
38 silly packumentCache full:https://registry.npmjs.org/msgpackr set size:undefined disposed:false
39 silly fetch manifest semver@^7.5.2
40 silly packumentCache full:https://registry.npmjs.org/semver cache-miss
41 http fetch GET 200 https://registry.npmjs.org/semver 25ms (cache miss)
42 silly packumentCache full:https://registry.npmjs.org/semver set size:undefined disposed:false
43 silly fetch manifest uuid@^8.3.0
44 silly packumentCache full:https://registry.npmjs.org/uuid cache-miss
45 http fetch GET 200 https://registry.npmjs.org/uuid 25ms (cache miss)
46 silly packumentCache full:https://registry.npmjs.org/uuid set size:undefined disposed:false
47 silly placeDep ROOT cron-parser@4.9.0 OK for: bull@4.16.5 want: ^4.9.0
48 silly placeDep ROOT get-port@5.1.1 OK for: bull@4.16.5 want: ^5.1.1
49 silly placeDep ROOT ioredis@5.9.2 OK for: bull@4.16.5 want: ^5.3.2
50 silly placeDep ROOT lodash@4.17.23 OK for: bull@4.16.5 want: ^4.17.21
51 silly placeDep ROOT msgpackr@1.11.8 OK for: bull@4.16.5 want: ^1.11.2
52 silly placeDep ROOT semver@7.7.4 OK for: bull@4.16.5 want: ^7.5.2
53 silly placeDep ROOT uuid@8.3.2 OK for: bull@4.16.5 want: ^8.3.0
54 silly fetch manifest luxon@^3.2.1
55 silly packumentCache full:https://registry.npmjs.org/luxon cache-miss
56 http fetch GET 200 https://registry.npmjs.org/luxon 34ms (cache miss)
57 silly packumentCache full:https://registry.npmjs.org/luxon set size:undefined disposed:false
58 silly fetch manifest @ioredis/commands@1.5.0
59 silly packumentCache full:https://registry.npmjs.org/@ioredis%2fcommands cache-miss
60 http fetch GET 200 https://registry.npmjs.org/@ioredis%2fcommands 42ms (cache miss)
61 silly packumentCache full:https://registry.npmjs.org/@ioredis%2fcommands set size:undefined disposed:false
62 silly fetch manifest cluster-key-slot@^1.1.0
63 silly packumentCache full:https://registry.npmjs.org/cluster-key-slot cache-miss
64 http fetch GET 200 https://registry.npmjs.org/cluster-key-slot 23ms (cache miss)
65 silly packumentCache full:https://registry.npmjs.org/cluster-key-slot set size:undefined disposed:false
66 silly fetch manifest debug@^4.3.4
67 silly packumentCache full:https://registry.npmjs.org/debug cache-miss
68 http fetch GET 200 https://registry.npmjs.org/debug 26ms (cache miss)
69 silly packumentCache full:https://registry.npmjs.org/debug set size:undefined disposed:false
70 silly fetch manifest denque@^2.1.0
71 silly packumentCache full:https://registry.npmjs.org/denque cache-miss
72 http fetch GET 200 https://registry.npmjs.org/denque 28ms (cache miss)
73 silly packumentCache full:https://registry.npmjs.org/denque set size:undefined disposed:false
74 silly fetch manifest lodash.defaults@^4.2.0
75 silly packumentCache full:https://registry.npmjs.org/lodash.defaults cache-miss
76 http fetch GET 200 https://registry.npmjs.org/lodash.defaults 25ms (cache miss)
77 silly packumentCache full:https://registry.npmjs.org/lodash.defaults set size:undefined disposed:false
78 silly fetch manifest lodash.isarguments@^3.1.0
79 silly packumentCache full:https://registry.npmjs.org/lodash.isarguments cache-miss
80 http fetch GET 200 https://registry.npmjs.org/lodash.isarguments 24ms (cache miss)
81 silly packumentCache full:https://registry.npmjs.org/lodash.isarguments set size:undefined disposed:false
82 silly fetch manifest redis-errors@^1.2.0
83 silly packumentCache full:https://registry.npmjs.org/redis-errors cache-miss
84 http fetch GET 200 https://registry.npmjs.org/redis-errors 22ms (cache miss)
85 silly packumentCache full:https://registry.npmjs.org/redis-errors set size:undefined disposed:false
86 silly fetch manifest redis-parser@^3.0.0
87 silly packumentCache full:https://registry.npmjs.org/redis-parser cache-miss
88 http fetch GET 200 https://registry.npmjs.org/redis-parser 36ms (cache miss)
89 silly packumentCache full:https://registry.npmjs.org/redis-parser set size:undefined disposed:false
90 silly fetch manifest standard-as-callback@^2.1.0
91 silly packumentCache full:https://registry.npmjs.org/standard-as-callback cache-miss
92 http fetch GET 200 https://registry.npmjs.org/standard-as-callback 22ms (cache miss)
93 silly packumentCache full:https://registry.npmjs.org/standard-as-callback set size:undefined disposed:false
94 silly fetch manifest msgpackr-extract@^3.0.2
95 silly packumentCache full:https://registry.npmjs.org/msgpackr-extract cache-miss
96 http fetch GET 200 https://registry.npmjs.org/msgpackr-extract 27ms (cache miss)
97 silly packumentCache full:https://registry.npmjs.org/msgpackr-extract set size:undefined disposed:false
98 silly placeDep ROOT luxon@3.7.2 OK for: cron-parser@4.9.0 want: ^3.2.1
99 silly placeDep ROOT @ioredis/commands@1.5.0 OK for: ioredis@5.9.2 want: 1.5.0
100 silly placeDep ROOT cluster-key-slot@1.1.2 OK for: ioredis@5.9.2 want: ^1.1.0
101 silly placeDep ROOT debug@4.4.3 OK for: ioredis@5.9.2 want: ^4.3.4
102 silly placeDep ROOT denque@2.1.0 OK for: ioredis@5.9.2 want: ^2.1.0
103 silly placeDep ROOT lodash.defaults@4.2.0 OK for: ioredis@5.9.2 want: ^4.2.0
104 silly placeDep ROOT lodash.isarguments@3.1.0 OK for: ioredis@5.9.2 want: ^3.1.0
105 silly placeDep ROOT redis-errors@1.2.0 OK for: ioredis@5.9.2 want: ^1.2.0
106 silly placeDep ROOT redis-parser@3.0.0 OK for: ioredis@5.9.2 want: ^3.0.0
107 silly placeDep ROOT standard-as-callback@2.1.0 OK for: ioredis@5.9.2 want: ^2.1.0
108 silly fetch manifest ms@^2.1.3
109 silly packumentCache full:https://registry.npmjs.org/ms cache-miss
110 http fetch GET 200 https://registry.npmjs.org/ms 37ms (cache miss)
111 silly packumentCache full:https://registry.npmjs.org/ms set size:undefined disposed:false
112 silly placeDep ROOT ms@2.1.3 OK for: debug@4.4.3 want: ^2.1.3
113 silly placeDep ROOT msgpackr-extract@3.0.3 OK for: msgpackr@1.11.8 want: ^3.0.2
114 silly fetch manifest node-gyp-build-optional-packages@5.2.2
115 silly packumentCache full:https://registry.npmjs.org/node-gyp-build-optional-packages cache-miss
116 http fetch GET 200 https://registry.npmjs.org/node-gyp-build-optional-packages 30ms (cache miss)
117 silly packumentCache full:https://registry.npmjs.org/node-gyp-build-optional-packages set size:undefined disposed:false
118 silly fetch manifest @msgpackr-extract/msgpackr-extract-darwin-arm64@3.0.3
119 silly packumentCache full:https://registry.npmjs.org/@msgpackr-extract%2fmsgpackr-extract-darwin-arm64 cache-miss
120 http fetch GET 200 https://registry.npmjs.org/@msgpackr-extract%2fmsgpackr-extract-darwin-arm64 215ms (cache miss)
121 silly packumentCache full:https://registry.npmjs.org/@msgpackr-extract%2fmsgpackr-extract-darwin-arm64 set size:undefined disposed:false
122 silly fetch manifest @msgpackr-extract/msgpackr-extract-darwin-x64@3.0.3
123 silly packumentCache full:https://registry.npmjs.org/@msgpackr-extract%2fmsgpackr-extract-darwin-x64 cache-miss
124 http fetch GET 200 https://registry.npmjs.org/@msgpackr-extract%2fmsgpackr-extract-darwin-x64 77ms (cache miss)
125 silly packumentCache full:https://registry.npmjs.org/@msgpackr-extract%2fmsgpackr-extract-darwin-x64 set size:undefined disposed:false
126 silly fetch manifest @msgpackr-extract/msgpackr-extract-linux-arm@3.0.3
127 silly packumentCache full:https://registry.npmjs.org/@msgpackr-extract%2fmsgpackr-extract-linux-arm cache-miss
128 http fetch GET 200 https://registry.npmjs.org/@msgpackr-extract%2fmsgpackr-extract-linux-arm 46ms (cache miss)
129 silly packumentCache full:https://registry.npmjs.org/@msgpackr-extract%2fmsgpackr-extract-linux-arm set size:undefined disposed:false
130 silly fetch manifest @msgpackr-extract/msgpackr-extract-linux-arm64@3.0.3
131 silly packumentCache full:https://registry.npmjs.org/@msgpackr-extract%2fmsgpackr-extract-linux-arm64 cache-miss
132 http fetch GET 200 https://registry.npmjs.org/@msgpackr-extract%2fmsgpackr-extract-linux-arm64 35ms (cache miss)
133 silly packumentCache full:https://registry.npmjs.org/@msgpackr-extract%2fmsgpackr-extract-linux-arm64 set size:undefined disposed:false
134 silly fetch manifest @msgpackr-extract/msgpackr-extract-linux-x64@3.0.3
135 silly packumentCache full:https://registry.npmjs.org/@msgpackr-extract%2fmsgpackr-extract-linux-x64 cache-miss
136 http fetch GET 200 https://registry.npmjs.org/@msgpackr-extract%2fmsgpackr-extract-linux-x64 40ms (cache miss)
137 silly packumentCache full:https://registry.npmjs.org/@msgpackr-extract%2fmsgpackr-extract-linux-x64 set size:undefined disposed:false
138 silly fetch manifest @msgpackr-extract/msgpackr-extract-win32-x64@3.0.3
139 silly packumentCache full:https://registry.npmjs.org/@msgpackr-extract%2fmsgpackr-extract-win32-x64 cache-miss
140 http fetch GET 200 https://registry.npmjs.org/@msgpackr-extract%2fmsgpackr-extract-win32-x64 62ms (cache miss)
141 silly packumentCache full:https://registry.npmjs.org/@msgpackr-extract%2fmsgpackr-extract-win32-x64 set size:undefined disposed:false
142 silly placeDep ROOT @msgpackr-extract/msgpackr-extract-darwin-arm64@3.0.3 OK for: msgpackr-extract@3.0.3 want: 3.0.3
143 silly placeDep ROOT @msgpackr-extract/msgpackr-extract-darwin-x64@3.0.3 OK for: msgpackr-extract@3.0.3 want: 3.0.3
144 silly placeDep ROOT @msgpackr-extract/msgpackr-extract-linux-arm@3.0.3 OK for: msgpackr-extract@3.0.3 want: 3.0.3
145 silly placeDep ROOT @msgpackr-extract/msgpackr-extract-linux-arm64@3.0.3 OK for: msgpackr-extract@3.0.3 want: 3.0.3
146 silly placeDep ROOT @msgpackr-extract/msgpackr-extract-linux-x64@3.0.3 OK for: msgpackr-extract@3.0.3 want: 3.0.3
147 silly placeDep ROOT @msgpackr-extract/msgpackr-extract-win32-x64@3.0.3 OK for: msgpackr-extract@3.0.3 want: 3.0.3
148 silly placeDep ROOT node-gyp-build-optional-packages@5.2.2 OK for: msgpackr-extract@3.0.3 want: 5.2.2
149 silly fetch manifest detect-libc@^2.0.1
150 silly packumentCache full:https://registry.npmjs.org/detect-libc cache-miss
151 http fetch GET 200 https://registry.npmjs.org/detect-libc 26ms (cache miss)
152 silly packumentCache full:https://registry.npmjs.org/detect-libc set size:undefined disposed:false
153 silly placeDep ROOT detect-libc@2.1.2 OK for: node-gyp-build-optional-packages@5.2.2 want: ^2.0.1
154 silly reify moves {}
155 silly audit bulk request {
155 silly audit   dayjs: [ '1.11.19' ],
155 silly audit   bull: [ '4.16.5' ],
155 silly audit   'cron-parser': [ '4.9.0' ],
155 silly audit   'get-port': [ '5.1.1' ],
155 silly audit   ioredis: [ '5.9.2' ],
155 silly audit   lodash: [ '4.17.23' ],
155 silly audit   msgpackr: [ '1.11.8' ],
155 silly audit   semver: [ '7.7.4' ],
155 silly audit   uuid: [ '8.3.2' ],
155 silly audit   luxon: [ '3.7.2' ],
155 silly audit   '@ioredis/commands': [ '1.5.0' ],
155 silly audit   'cluster-key-slot': [ '1.1.2' ],
155 silly audit   debug: [ '4.4.3' ],
155 silly audit   denque: [ '2.1.0' ],
155 silly audit   'lodash.defaults': [ '4.2.0' ],
155 silly audit   'lodash.isarguments': [ '3.1.0' ],
155 silly audit   'redis-errors': [ '1.2.0' ],
155 silly audit   'redis-parser': [ '3.0.0' ],
155 silly audit   'standard-as-callback': [ '2.1.0' ],
155 silly audit   ms: [ '2.1.3' ],
155 silly audit   'msgpackr-extract': [ '3.0.3' ],
155 silly audit   '@msgpackr-extract/msgpackr-extract-darwin-arm64': [ '3.0.3' ],
155 silly audit   '@msgpackr-extract/msgpackr-extract-darwin-x64': [ '3.0.3' ],
155 silly audit   '@msgpackr-extract/msgpackr-extract-linux-arm': [ '3.0.3' ],
155 silly audit   '@msgpackr-extract/msgpackr-extract-linux-arm64': [ '3.0.3' ],
155 silly audit   '@msgpackr-extract/msgpackr-extract-linux-x64': [ '3.0.3' ],
155 silly audit   '@msgpackr-extract/msgpackr-extract-win32-x64': [ '3.0.3' ],
155 silly audit   'node-gyp-build-optional-packages': [ '5.2.2' ],
155 silly audit   'detect-libc': [ '2.1.2' ]
155 silly audit }
156 verbose reify failed optional dependency /home/ubuntu/node_modules/@msgpackr-extract/msgpackr-extract-win32-x64
157 silly reify mark deleted [
157 silly reify   '/home/ubuntu/node_modules/@msgpackr-extract/msgpackr-extract-win32-x64'
157 silly reify ]
158 verbose reify failed optional dependency /home/ubuntu/node_modules/@msgpackr-extract/msgpackr-extract-linux-arm64
159 silly reify mark deleted [
159 silly reify   '/home/ubuntu/node_modules/@msgpackr-extract/msgpackr-extract-linux-arm64'
159 silly reify ]
160 verbose reify failed optional dependency /home/ubuntu/node_modules/@msgpackr-extract/msgpackr-extract-linux-arm
161 silly reify mark deleted [
161 silly reify   '/home/ubuntu/node_modules/@msgpackr-extract/msgpackr-extract-linux-arm'
161 silly reify ]
162 verbose reify failed optional dependency /home/ubuntu/node_modules/@msgpackr-extract/msgpackr-extract-darwin-x64
163 silly reify mark deleted [
163 silly reify   '/home/ubuntu/node_modules/@msgpackr-extract/msgpackr-extract-darwin-x64'
163 silly reify ]
164 verbose reify failed optional dependency /home/ubuntu/node_modules/@msgpackr-extract/msgpackr-extract-darwin-arm64
165 silly reify mark deleted [
165 silly reify   '/home/ubuntu/node_modules/@msgpackr-extract/msgpackr-extract-darwin-arm64'
165 silly reify ]
166 silly tarball no local data for detect-libc@https://registry.npmjs.org/detect-libc/-/detect-libc-2.1.2.tgz. Extracting by manifest.
167 silly tarball no local data for node-gyp-build-optional-packages@https://registry.npmjs.org/node-gyp-build-optional-packages/-/node-gyp-build-optional-packages-5.2.2.tgz. Extracting by manifest.
168 silly tarball no local data for ms@https://registry.npmjs.org/ms/-/ms-2.1.3.tgz. Extracting by manifest.
169 silly tarball no local data for standard-as-callback@https://registry.npmjs.org/standard-as-callback/-/standard-as-callback-2.1.0.tgz. Extracting by manifest.
170 silly tarball no local data for @msgpackr-extract/msgpackr-extract-linux-x64@https://registry.npmjs.org/@msgpackr-extract/msgpackr-extract-linux-x64/-/msgpackr-extract-linux-x64-3.0.3.tgz. Extracting by manifest.
171 silly tarball no local data for msgpackr-extract@https://registry.npmjs.org/msgpackr-extract/-/msgpackr-extract-3.0.3.tgz. Extracting by manifest.
172 silly tarball no local data for redis-parser@https://registry.npmjs.org/redis-parser/-/redis-parser-3.0.0.tgz. Extracting by manifest.
173 silly tarball no local data for redis-errors@https://registry.npmjs.org/redis-errors/-/redis-errors-1.2.0.tgz. Extracting by manifest.
174 silly tarball no local data for lodash.isarguments@https://registry.npmjs.org/lodash.isarguments/-/lodash.isarguments-3.1.0.tgz. Extracting by manifest.
175 silly tarball no local data for lodash.defaults@https://registry.npmjs.org/lodash.defaults/-/lodash.defaults-4.2.0.tgz. Extracting by manifest.
176 silly tarball no local data for denque@https://registry.npmjs.org/denque/-/denque-2.1.0.tgz. Extracting by manifest.
177 silly tarball no local data for debug@https://registry.npmjs.org/debug/-/debug-4.4.3.tgz. Extracting by manifest.
178 silly tarball no local data for cluster-key-slot@https://registry.npmjs.org/cluster-key-slot/-/cluster-key-slot-1.1.2.tgz. Extracting by manifest.
179 silly tarball no local data for luxon@https://registry.npmjs.org/luxon/-/luxon-3.7.2.tgz. Extracting by manifest.
180 silly tarball no local data for @ioredis/commands@https://registry.npmjs.org/@ioredis/commands/-/commands-1.5.0.tgz. Extracting by manifest.
181 silly tarball no local data for uuid@https://registry.npmjs.org/uuid/-/uuid-8.3.2.tgz. Extracting by manifest.
182 silly tarball no local data for semver@https://registry.npmjs.org/semver/-/semver-7.7.4.tgz. Extracting by manifest.
183 silly tarball no local data for msgpackr@https://registry.npmjs.org/msgpackr/-/msgpackr-1.11.8.tgz. Extracting by manifest.
184 silly tarball no local data for lodash@https://registry.npmjs.org/lodash/-/lodash-4.17.23.tgz. Extracting by manifest.
185 silly tarball no local data for ioredis@https://registry.npmjs.org/ioredis/-/ioredis-5.9.2.tgz. Extracting by manifest.
186 silly tarball no local data for get-port@https://registry.npmjs.org/get-port/-/get-port-5.1.1.tgz. Extracting by manifest.
187 silly tarball no local data for cron-parser@https://registry.npmjs.org/cron-parser/-/cron-parser-4.9.0.tgz. Extracting by manifest.
188 silly tarball no local data for bull@https://registry.npmjs.org/bull/-/bull-4.16.5.tgz. Extracting by manifest.
189 http fetch POST 200 https://registry.npmjs.org/-/npm/v1/security/advisories/bulk 227ms
190 silly audit report {}
191 http fetch GET 200 https://registry.npmjs.org/ms/-/ms-2.1.3.tgz 284ms (cache miss)
192 http fetch GET 200 https://registry.npmjs.org/redis-errors/-/redis-errors-1.2.0.tgz 284ms (cache miss)
193 http fetch GET 200 https://registry.npmjs.org/standard-as-callback/-/standard-as-callback-2.1.0.tgz 289ms (cache miss)
194 http fetch GET 200 https://registry.npmjs.org/cluster-key-slot/-/cluster-key-slot-1.1.2.tgz 284ms (cache miss)
195 http fetch GET 200 https://registry.npmjs.org/lodash.defaults/-/lodash.defaults-4.2.0.tgz 288ms (cache miss)
196 http fetch GET 200 https://registry.npmjs.org/lodash.isarguments/-/lodash.isarguments-3.1.0.tgz 289ms (cache miss)
197 http fetch GET 200 https://registry.npmjs.org/get-port/-/get-port-5.1.1.tgz 282ms (cache miss)
198 http fetch GET 200 https://registry.npmjs.org/msgpackr-extract/-/msgpackr-extract-3.0.3.tgz 298ms (cache miss)
199 http fetch GET 200 https://registry.npmjs.org/denque/-/denque-2.1.0.tgz 294ms (cache miss)
200 http fetch GET 200 https://registry.npmjs.org/detect-libc/-/detect-libc-2.1.2.tgz 310ms (cache miss)
201 http fetch GET 200 https://registry.npmjs.org/node-gyp-build-optional-packages/-/node-gyp-build-optional-packages-5.2.2.tgz 312ms (cache miss)
202 http fetch GET 200 https://registry.npmjs.org/redis-parser/-/redis-parser-3.0.0.tgz 309ms (cache miss)
203 http fetch GET 200 https://registry.npmjs.org/@msgpackr-extract/msgpackr-extract-linux-x64/-/msgpackr-extract-linux-x64-3.0.3.tgz 315ms (cache miss)
204 http fetch GET 200 https://registry.npmjs.org/@ioredis/commands/-/commands-1.5.0.tgz 308ms (cache miss)
205 http fetch GET 200 https://registry.npmjs.org/debug/-/debug-4.4.3.tgz 315ms (cache miss)
206 http fetch GET 200 https://registry.npmjs.org/cron-parser/-/cron-parser-4.9.0.tgz 315ms (cache miss)
207 http fetch GET 200 https://registry.npmjs.org/semver/-/semver-7.7.4.tgz 411ms (cache miss)
208 http fetch GET 200 https://registry.npmjs.org/uuid/-/uuid-8.3.2.tgz 433ms (cache miss)
209 http fetch GET 200 https://registry.npmjs.org/bull/-/bull-4.16.5.tgz 460ms (cache miss)
210 http fetch GET 200 https://registry.npmjs.org/ioredis/-/ioredis-5.9.2.tgz 481ms (cache miss)
211 http fetch GET 200 https://registry.npmjs.org/msgpackr/-/msgpackr-1.11.8.tgz 497ms (cache miss)
212 http fetch GET 200 https://registry.npmjs.org/luxon/-/luxon-3.7.2.tgz 565ms (cache miss)
213 http fetch GET 200 https://registry.npmjs.org/lodash/-/lodash-4.17.23.tgz 733ms (cache miss)
214 info run msgpackr-extract@3.0.3 install node_modules/msgpackr-extract node-gyp-build-optional-packages
215 info run msgpackr-extract@3.0.3 install { code: 0, signal: null }
216 silly ADD node_modules/detect-libc
217 silly ADD node_modules/node-gyp-build-optional-packages
218 silly ADD
219 silly ADD node_modules/@msgpackr-extract/msgpackr-extract-linux-x64
220 silly ADD
221 silly ADD
222 silly ADD
223 silly ADD
224 silly ADD node_modules/msgpackr-extract
225 silly ADD node_modules/ms
226 silly ADD node_modules/standard-as-callback
227 silly ADD node_modules/redis-parser
228 silly ADD node_modules/redis-errors
229 silly ADD node_modules/lodash.isarguments
230 silly ADD node_modules/lodash.defaults
231 silly ADD node_modules/denque
232 silly ADD node_modules/debug
233 silly ADD node_modules/cluster-key-slot
234 silly ADD node_modules/@ioredis/commands
235 silly ADD node_modules/luxon
236 silly ADD node_modules/uuid
237 silly ADD node_modules/semver
238 silly ADD node_modules/msgpackr
239 silly ADD node_modules/lodash
240 silly ADD node_modules/ioredis
241 silly ADD node_modules/get-port
242 silly ADD node_modules/cron-parser
243 silly ADD node_modules/bull
244 verbose cwd /home/ubuntu
245 verbose os Linux 6.14.0-1018-aws
246 verbose node v18.20.8
247 verbose npm  v10.8.2
248 verbose exit 0
249 info ok
