0 verbose cli /usr/bin/node /usr/bin/npm
1 info using npm@10.8.2
2 info using node@v18.20.8
3 silly config load:file:/usr/lib/node_modules/npm/npmrc
4 silly config load:file:/home/ubuntu/backend/.npmrc
5 silly config load:file:/home/ubuntu/.npmrc
6 silly config load:file:/usr/etc/npmrc
7 verbose title npm cache clean
8 verbose argv "cache" "clean" "--force"
9 verbose logfile logs-max:10 dir:/home/ubuntu/.npm/_logs/2026-02-02T04_14_46_006Z-
10 verbose logfile /home/ubuntu/.npm/_logs/2026-02-02T04_14_46_006Z-debug-0.log
11 warn using --force Recommended protections disabled.
12 silly logfile start cleaning logs, removing 1 files
13 silly logfile done cleaning log files
14 verbose cwd /home/ubuntu/backend
15 verbose os Linux 6.14.0-1018-aws
16 verbose node v18.20.8
17 verbose npm  v10.8.2
18 verbose exit 0
19 info ok
